CRITICAL - 2023-05-02 05:05:05 --> ini_set(): Session ini settings cannot be changed when a session is active
in SYSTEMPATH/Session/Handlers/FileHandler.php on line 72.
 1 [internal function]: CodeIgniter\Debug\Exceptions->errorHandler()
 2 SYSTEMPATH/Session/Handlers/FileHandler.php(72): ini_set()
 3 SYSTEMPATH/Config/Services.php(667): CodeIgniter\Session\Handlers\FileHandler->__construct()
 4 SYSTEMPATH/Config/BaseService.php(252): CodeIgniter\Config\Services::session()
 5 SYSTEMPATH/Config/BaseService.php(193): CodeIgniter\Config\BaseService::__callStatic()
 6 SYSTEMPATH/Config/Services.php(641): CodeIgniter\Config\BaseService::getSharedInstance()
 7 SYSTEMPATH/Config/BaseService.php(252): CodeIgniter\Config\Services::session()
 8 SYSTEMPATH/Common.php(988): CodeIgniter\Config\BaseService::__callStatic()
 9 APPPATH/Controllers/Login.php(40): session()
10 SYSTEMPATH/CodeIgniter.php(934): App\Controllers\Login->check_login()
11 SYSTEMPATH/CodeIgniter.php(499): CodeIgniter\CodeIgniter->runController()
12 SYSTEMPATH/CodeIgniter.php(368): CodeIgniter\CodeIgniter->handleRequest()
13 FCPATH/index.php(67): CodeIgniter\CodeIgniter->run()
ERROR - 2023-05-02 06:11:17 --> mysqli_sql_exception: Duplicate entry 'infs3202' for key 'users.PRIMARY' in /var/www/htdocs/demo/system/Database/MySQLi/Connection.php:295
Stack trace:
#0 /var/www/htdocs/demo/system/Database/MySQLi/Connection.php(295): mysqli->query()
#1 /var/www/htdocs/demo/system/Database/BaseConnection.php(691): CodeIgniter\Database\MySQLi\Connection->execute()
#2 /var/www/htdocs/demo/system/Database/BaseConnection.php(605): CodeIgniter\Database\BaseConnection->simpleQuery()
#3 /var/www/htdocs/demo/system/Database/BaseBuilder.php(2309): CodeIgniter\Database\BaseConnection->query()
#4 /var/www/htdocs/demo/app/Models/User_model.php(61): CodeIgniter\Database\BaseBuilder->insert()
#5 /var/www/htdocs/demo/app/Controllers/Newuser.php(37): App\Models\User_model->signin()
#6 /var/www/htdocs/demo/system/CodeIgniter.php(934): App\Controllers\Newuser->signup()
#7 /var/www/htdocs/demo/system/CodeIgniter.php(499): CodeIgniter\CodeIgniter->runController()
#8 /var/www/htdocs/demo/system/CodeIgniter.php(368): CodeIgniter\CodeIgniter->handleRequest()
#9 /var/www/htdocs/demo/public/index.php(67): CodeIgniter\CodeIgniter->run()
#10 {main}
CRITICAL - 2023-05-02 06:11:17 --> Duplicate entry 'infs3202' for key 'users.PRIMARY'
in SYSTEMPATH/Database/BaseConnection.php on line 645.
 1 SYSTEMPATH/Database/BaseBuilder.php(2309): CodeIgniter\Database\BaseConnection->query()
 2 APPPATH/Models/User_model.php(61): CodeIgniter\Database\BaseBuilder->insert()
 3 APPPATH/Controllers/Newuser.php(37): App\Models\User_model->signin()
 4 SYSTEMPATH/CodeIgniter.php(934): App\Controllers\Newuser->signup()
 5 SYSTEMPATH/CodeIgniter.php(499): CodeIgniter\CodeIgniter->runController()
 6 SYSTEMPATH/CodeIgniter.php(368): CodeIgniter\CodeIgniter->handleRequest()
 7 FCPATH/index.php(67): CodeIgniter\CodeIgniter->run()
