ERROR - 2023-04-24 04:03:15 --> mysqli_sql_exception: Unknown column 'id' in 'field list' in /var/www/htdocs/demo/system/Database/MySQLi/Connection.php:295
Stack trace:
#0 /var/www/htdocs/demo/system/Database/MySQLi/Connection.php(295): mysqli->query()
#1 /var/www/htdocs/demo/system/Database/BaseConnection.php(691): CodeIgniter\Database\MySQLi\Connection->execute()
#2 /var/www/htdocs/demo/system/Database/BaseConnection.php(605): CodeIgniter\Database\BaseConnection->simpleQuery()
#3 /var/www/htdocs/demo/system/Database/BaseBuilder.php(2309): CodeIgniter\Database\BaseConnection->query()
#4 /var/www/htdocs/demo/app/Models/User_model.php(38): CodeIgniter\Database\BaseBuilder->insert()
#5 /var/www/htdocs/demo/app/Controllers/Newuser.php(43): App\Models\User_model->signin()
#6 /var/www/htdocs/demo/system/CodeIgniter.php(934): App\Controllers\Newuser->signin()
#7 /var/www/htdocs/demo/system/CodeIgniter.php(499): CodeIgniter\CodeIgniter->runController()
#8 /var/www/htdocs/demo/system/CodeIgniter.php(368): CodeIgniter\CodeIgniter->handleRequest()
#9 /var/www/htdocs/demo/public/index.php(67): CodeIgniter\CodeIgniter->run()
#10 {main}
CRITICAL - 2023-04-24 04:03:15 --> Unknown column 'id' in 'field list'
in SYSTEMPATH/Database/BaseConnection.php on line 645.
 1 SYSTEMPATH/Database/BaseBuilder.php(2309): CodeIgniter\Database\BaseConnection->query()
 2 APPPATH/Models/User_model.php(38): CodeIgniter\Database\BaseBuilder->insert()
 3 APPPATH/Controllers/Newuser.php(43): App\Models\User_model->signin()
 4 SYSTEMPATH/CodeIgniter.php(934): App\Controllers\Newuser->signin()
 5 SYSTEMPATH/CodeIgniter.php(499): CodeIgniter\CodeIgniter->runController()
 6 SYSTEMPATH/CodeIgniter.php(368): CodeIgniter\CodeIgniter->handleRequest()
 7 FCPATH/index.php(67): CodeIgniter\CodeIgniter->run()
ERROR - 2023-04-24 04:04:20 --> mysqli_sql_exception: Column 'email' cannot be null in /var/www/htdocs/demo/system/Database/MySQLi/Connection.php:295
Stack trace:
#0 /var/www/htdocs/demo/system/Database/MySQLi/Connection.php(295): mysqli->query()
#1 /var/www/htdocs/demo/system/Database/BaseConnection.php(691): CodeIgniter\Database\MySQLi\Connection->execute()
#2 /var/www/htdocs/demo/system/Database/BaseConnection.php(605): CodeIgniter\Database\BaseConnection->simpleQuery()
#3 /var/www/htdocs/demo/system/Database/BaseBuilder.php(2309): CodeIgniter\Database\BaseConnection->query()
#4 /var/www/htdocs/demo/app/Models/User_model.php(37): CodeIgniter\Database\BaseBuilder->insert()
#5 /var/www/htdocs/demo/app/Controllers/Newuser.php(43): App\Models\User_model->signin()
#6 /var/www/htdocs/demo/system/CodeIgniter.php(934): App\Controllers\Newuser->signin()
#7 /var/www/htdocs/demo/system/CodeIgniter.php(499): CodeIgniter\CodeIgniter->runController()
#8 /var/www/htdocs/demo/system/CodeIgniter.php(368): CodeIgniter\CodeIgniter->handleRequest()
#9 /var/www/htdocs/demo/public/index.php(67): CodeIgniter\CodeIgniter->run()
#10 {main}
CRITICAL - 2023-04-24 04:04:20 --> Column 'email' cannot be null
in SYSTEMPATH/Database/BaseConnection.php on line 645.
 1 SYSTEMPATH/Database/BaseBuilder.php(2309): CodeIgniter\Database\BaseConnection->query()
 2 APPPATH/Models/User_model.php(37): CodeIgniter\Database\BaseBuilder->insert()
 3 APPPATH/Controllers/Newuser.php(43): App\Models\User_model->signin()
 4 SYSTEMPATH/CodeIgniter.php(934): App\Controllers\Newuser->signin()
 5 SYSTEMPATH/CodeIgniter.php(499): CodeIgniter\CodeIgniter->runController()
 6 SYSTEMPATH/CodeIgniter.php(368): CodeIgniter\CodeIgniter->handleRequest()
 7 FCPATH/index.php(67): CodeIgniter\CodeIgniter->run()
ERROR - 2023-04-24 04:05:16 --> mysqli_sql_exception: Column 'email' cannot be null in /var/www/htdocs/demo/system/Database/MySQLi/Connection.php:295
Stack trace:
#0 /var/www/htdocs/demo/system/Database/MySQLi/Connection.php(295): mysqli->query()
#1 /var/www/htdocs/demo/system/Database/BaseConnection.php(691): CodeIgniter\Database\MySQLi\Connection->execute()
#2 /var/www/htdocs/demo/system/Database/BaseConnection.php(605): CodeIgniter\Database\BaseConnection->simpleQuery()
#3 /var/www/htdocs/demo/system/Database/BaseBuilder.php(2309): CodeIgniter\Database\BaseConnection->query()
#4 /var/www/htdocs/demo/app/Models/User_model.php(37): CodeIgniter\Database\BaseBuilder->insert()
#5 /var/www/htdocs/demo/app/Controllers/Newuser.php(43): App\Models\User_model->signin()
#6 /var/www/htdocs/demo/system/CodeIgniter.php(934): App\Controllers\Newuser->signin()
#7 /var/www/htdocs/demo/system/CodeIgniter.php(499): CodeIgniter\CodeIgniter->runController()
#8 /var/www/htdocs/demo/system/CodeIgniter.php(368): CodeIgniter\CodeIgniter->handleRequest()
#9 /var/www/htdocs/demo/public/index.php(67): CodeIgniter\CodeIgniter->run()
#10 {main}
CRITICAL - 2023-04-24 04:05:16 --> Column 'email' cannot be null
in SYSTEMPATH/Database/BaseConnection.php on line 645.
 1 SYSTEMPATH/Database/BaseBuilder.php(2309): CodeIgniter\Database\BaseConnection->query()
 2 APPPATH/Models/User_model.php(37): CodeIgniter\Database\BaseBuilder->insert()
 3 APPPATH/Controllers/Newuser.php(43): App\Models\User_model->signin()
 4 SYSTEMPATH/CodeIgniter.php(934): App\Controllers\Newuser->signin()
 5 SYSTEMPATH/CodeIgniter.php(499): CodeIgniter\CodeIgniter->runController()
 6 SYSTEMPATH/CodeIgniter.php(368): CodeIgniter\CodeIgniter->handleRequest()
 7 FCPATH/index.php(67): CodeIgniter\CodeIgniter->run()
ERROR - 2023-04-24 04:08:59 --> mysqli_sql_exception: Column 'email' cannot be null in /var/www/htdocs/demo/system/Database/MySQLi/Connection.php:295
Stack trace:
#0 /var/www/htdocs/demo/system/Database/MySQLi/Connection.php(295): mysqli->query()
#1 /var/www/htdocs/demo/system/Database/BaseConnection.php(691): CodeIgniter\Database\MySQLi\Connection->execute()
#2 /var/www/htdocs/demo/system/Database/BaseConnection.php(605): CodeIgniter\Database\BaseConnection->simpleQuery()
#3 /var/www/htdocs/demo/system/Database/BaseBuilder.php(2309): CodeIgniter\Database\BaseConnection->query()
#4 /var/www/htdocs/demo/app/Models/User_model.php(37): CodeIgniter\Database\BaseBuilder->insert()
#5 /var/www/htdocs/demo/app/Controllers/Newuser.php(43): App\Models\User_model->signin()
#6 /var/www/htdocs/demo/system/CodeIgniter.php(934): App\Controllers\Newuser->signin()
#7 /var/www/htdocs/demo/system/CodeIgniter.php(499): CodeIgniter\CodeIgniter->runController()
#8 /var/www/htdocs/demo/system/CodeIgniter.php(368): CodeIgniter\CodeIgniter->handleRequest()
#9 /var/www/htdocs/demo/public/index.php(67): CodeIgniter\CodeIgniter->run()
#10 {main}
CRITICAL - 2023-04-24 04:08:59 --> Column 'email' cannot be null
in SYSTEMPATH/Database/BaseConnection.php on line 645.
 1 SYSTEMPATH/Database/BaseBuilder.php(2309): CodeIgniter\Database\BaseConnection->query()
 2 APPPATH/Models/User_model.php(37): CodeIgniter\Database\BaseBuilder->insert()
 3 APPPATH/Controllers/Newuser.php(43): App\Models\User_model->signin()
 4 SYSTEMPATH/CodeIgniter.php(934): App\Controllers\Newuser->signin()
 5 SYSTEMPATH/CodeIgniter.php(499): CodeIgniter\CodeIgniter->runController()
 6 SYSTEMPATH/CodeIgniter.php(368): CodeIgniter\CodeIgniter->handleRequest()
 7 FCPATH/index.php(67): CodeIgniter\CodeIgniter->run()
ERROR - 2023-04-24 04:13:14 --> mysqli_sql_exception: Duplicate entry 'hihi' for key 'users.PRIMARY' in /var/www/htdocs/demo/system/Database/MySQLi/Connection.php:295
Stack trace:
#0 /var/www/htdocs/demo/system/Database/MySQLi/Connection.php(295): mysqli->query()
#1 /var/www/htdocs/demo/system/Database/BaseConnection.php(691): CodeIgniter\Database\MySQLi\Connection->execute()
#2 /var/www/htdocs/demo/system/Database/BaseConnection.php(605): CodeIgniter\Database\BaseConnection->simpleQuery()
#3 /var/www/htdocs/demo/system/Database/BaseBuilder.php(2309): CodeIgniter\Database\BaseConnection->query()
#4 /var/www/htdocs/demo/app/Models/User_model.php(37): CodeIgniter\Database\BaseBuilder->insert()
#5 /var/www/htdocs/demo/app/Controllers/Newuser.php(43): App\Models\User_model->signin()
#6 /var/www/htdocs/demo/system/CodeIgniter.php(934): App\Controllers\Newuser->signin()
#7 /var/www/htdocs/demo/system/CodeIgniter.php(499): CodeIgniter\CodeIgniter->runController()
#8 /var/www/htdocs/demo/system/CodeIgniter.php(368): CodeIgniter\CodeIgniter->handleRequest()
#9 /var/www/htdocs/demo/public/index.php(67): CodeIgniter\CodeIgniter->run()
#10 {main}
CRITICAL - 2023-04-24 04:13:14 --> Duplicate entry 'hihi' for key 'users.PRIMARY'
in SYSTEMPATH/Database/BaseConnection.php on line 645.
 1 SYSTEMPATH/Database/BaseBuilder.php(2309): CodeIgniter\Database\BaseConnection->query()
 2 APPPATH/Models/User_model.php(37): CodeIgniter\Database\BaseBuilder->insert()
 3 APPPATH/Controllers/Newuser.php(43): App\Models\User_model->signin()
 4 SYSTEMPATH/CodeIgniter.php(934): App\Controllers\Newuser->signin()
 5 SYSTEMPATH/CodeIgniter.php(499): CodeIgniter\CodeIgniter->runController()
 6 SYSTEMPATH/CodeIgniter.php(368): CodeIgniter\CodeIgniter->handleRequest()
 7 FCPATH/index.php(67): CodeIgniter\CodeIgniter->run()
ERROR - 2023-04-24 04:25:16 --> mysqli_sql_exception: Duplicate entry 'hihi' for key 'users.PRIMARY' in /var/www/htdocs/demo/system/Database/MySQLi/Connection.php:295
Stack trace:
#0 /var/www/htdocs/demo/system/Database/MySQLi/Connection.php(295): mysqli->query()
#1 /var/www/htdocs/demo/system/Database/BaseConnection.php(691): CodeIgniter\Database\MySQLi\Connection->execute()
#2 /var/www/htdocs/demo/system/Database/BaseConnection.php(605): CodeIgniter\Database\BaseConnection->simpleQuery()
#3 /var/www/htdocs/demo/system/Database/BaseBuilder.php(2309): CodeIgniter\Database\BaseConnection->query()
#4 /var/www/htdocs/demo/app/Models/User_model.php(37): CodeIgniter\Database\BaseBuilder->insert()
#5 /var/www/htdocs/demo/app/Controllers/Newuser.php(50): App\Models\User_model->signin()
#6 /var/www/htdocs/demo/system/CodeIgniter.php(934): App\Controllers\Newuser->signin()
#7 /var/www/htdocs/demo/system/CodeIgniter.php(499): CodeIgniter\CodeIgniter->runController()
#8 /var/www/htdocs/demo/system/CodeIgniter.php(368): CodeIgniter\CodeIgniter->handleRequest()
#9 /var/www/htdocs/demo/public/index.php(67): CodeIgniter\CodeIgniter->run()
#10 {main}
CRITICAL - 2023-04-24 04:25:16 --> Duplicate entry 'hihi' for key 'users.PRIMARY'
in SYSTEMPATH/Database/BaseConnection.php on line 645.
 1 SYSTEMPATH/Database/BaseBuilder.php(2309): CodeIgniter\Database\BaseConnection->query()
 2 APPPATH/Models/User_model.php(37): CodeIgniter\Database\BaseBuilder->insert()
 3 APPPATH/Controllers/Newuser.php(50): App\Models\User_model->signin()
 4 SYSTEMPATH/CodeIgniter.php(934): App\Controllers\Newuser->signin()
 5 SYSTEMPATH/CodeIgniter.php(499): CodeIgniter\CodeIgniter->runController()
 6 SYSTEMPATH/CodeIgniter.php(368): CodeIgniter\CodeIgniter->handleRequest()
 7 FCPATH/index.php(67): CodeIgniter\CodeIgniter->run()
ERROR - 2023-04-24 04:25:32 --> mysqli_sql_exception: Duplicate entry 'hihi' for key 'users.PRIMARY' in /var/www/htdocs/demo/system/Database/MySQLi/Connection.php:295
Stack trace:
#0 /var/www/htdocs/demo/system/Database/MySQLi/Connection.php(295): mysqli->query()
#1 /var/www/htdocs/demo/system/Database/BaseConnection.php(691): CodeIgniter\Database\MySQLi\Connection->execute()
#2 /var/www/htdocs/demo/system/Database/BaseConnection.php(605): CodeIgniter\Database\BaseConnection->simpleQuery()
#3 /var/www/htdocs/demo/system/Database/BaseBuilder.php(2309): CodeIgniter\Database\BaseConnection->query()
#4 /var/www/htdocs/demo/app/Models/User_model.php(37): CodeIgniter\Database\BaseBuilder->insert()
#5 /var/www/htdocs/demo/app/Controllers/Newuser.php(50): App\Models\User_model->signin()
#6 /var/www/htdocs/demo/system/CodeIgniter.php(934): App\Controllers\Newuser->signin()
#7 /var/www/htdocs/demo/system/CodeIgniter.php(499): CodeIgniter\CodeIgniter->runController()
#8 /var/www/htdocs/demo/system/CodeIgniter.php(368): CodeIgniter\CodeIgniter->handleRequest()
#9 /var/www/htdocs/demo/public/index.php(67): CodeIgniter\CodeIgniter->run()
#10 {main}
CRITICAL - 2023-04-24 04:25:32 --> Duplicate entry 'hihi' for key 'users.PRIMARY'
in SYSTEMPATH/Database/BaseConnection.php on line 645.
 1 SYSTEMPATH/Database/BaseBuilder.php(2309): CodeIgniter\Database\BaseConnection->query()
 2 APPPATH/Models/User_model.php(37): CodeIgniter\Database\BaseBuilder->insert()
 3 APPPATH/Controllers/Newuser.php(50): App\Models\User_model->signin()
 4 SYSTEMPATH/CodeIgniter.php(934): App\Controllers\Newuser->signin()
 5 SYSTEMPATH/CodeIgniter.php(499): CodeIgniter\CodeIgniter->runController()
 6 SYSTEMPATH/CodeIgniter.php(368): CodeIgniter\CodeIgniter->handleRequest()
 7 FCPATH/index.php(67): CodeIgniter\CodeIgniter->run()
ERROR - 2023-04-24 04:25:45 --> mysqli_sql_exception: Duplicate entry 'hihi' for key 'users.PRIMARY' in /var/www/htdocs/demo/system/Database/MySQLi/Connection.php:295
Stack trace:
#0 /var/www/htdocs/demo/system/Database/MySQLi/Connection.php(295): mysqli->query()
#1 /var/www/htdocs/demo/system/Database/BaseConnection.php(691): CodeIgniter\Database\MySQLi\Connection->execute()
#2 /var/www/htdocs/demo/system/Database/BaseConnection.php(605): CodeIgniter\Database\BaseConnection->simpleQuery()
#3 /var/www/htdocs/demo/system/Database/BaseBuilder.php(2309): CodeIgniter\Database\BaseConnection->query()
#4 /var/www/htdocs/demo/app/Models/User_model.php(37): CodeIgniter\Database\BaseBuilder->insert()
#5 /var/www/htdocs/demo/app/Controllers/Newuser.php(50): App\Models\User_model->signin()
#6 /var/www/htdocs/demo/system/CodeIgniter.php(934): App\Controllers\Newuser->signin()
#7 /var/www/htdocs/demo/system/CodeIgniter.php(499): CodeIgniter\CodeIgniter->runController()
#8 /var/www/htdocs/demo/system/CodeIgniter.php(368): CodeIgniter\CodeIgniter->handleRequest()
#9 /var/www/htdocs/demo/public/index.php(67): CodeIgniter\CodeIgniter->run()
#10 {main}
CRITICAL - 2023-04-24 04:25:45 --> Duplicate entry 'hihi' for key 'users.PRIMARY'
in SYSTEMPATH/Database/BaseConnection.php on line 645.
 1 SYSTEMPATH/Database/BaseBuilder.php(2309): CodeIgniter\Database\BaseConnection->query()
 2 APPPATH/Models/User_model.php(37): CodeIgniter\Database\BaseBuilder->insert()
 3 APPPATH/Controllers/Newuser.php(50): App\Models\User_model->signin()
 4 SYSTEMPATH/CodeIgniter.php(934): App\Controllers\Newuser->signin()
 5 SYSTEMPATH/CodeIgniter.php(499): CodeIgniter\CodeIgniter->runController()
 6 SYSTEMPATH/CodeIgniter.php(368): CodeIgniter\CodeIgniter->handleRequest()
 7 FCPATH/index.php(67): CodeIgniter\CodeIgniter->run()
ERROR - 2023-04-24 04:32:30 --> mysqli_sql_exception: Column 'name' cannot be null in /var/www/htdocs/demo/system/Database/MySQLi/Connection.php:295
Stack trace:
#0 /var/www/htdocs/demo/system/Database/MySQLi/Connection.php(295): mysqli->query()
#1 /var/www/htdocs/demo/system/Database/BaseConnection.php(691): CodeIgniter\Database\MySQLi\Connection->execute()
#2 /var/www/htdocs/demo/system/Database/BaseConnection.php(605): CodeIgniter\Database\BaseConnection->simpleQuery()
#3 /var/www/htdocs/demo/system/Database/BaseBuilder.php(2309): CodeIgniter\Database\BaseConnection->query()
#4 /var/www/htdocs/demo/app/Models/Post_model.php(29): CodeIgniter\Database\BaseBuilder->insert()
#5 /var/www/htdocs/demo/app/Controllers/Post.php(61): App\Models\Post->post()
#6 /var/www/htdocs/demo/system/CodeIgniter.php(934): App\Controllers\Post->post_newThread()
#7 /var/www/htdocs/demo/system/CodeIgniter.php(499): CodeIgniter\CodeIgniter->runController()
#8 /var/www/htdocs/demo/system/CodeIgniter.php(368): CodeIgniter\CodeIgniter->handleRequest()
#9 /var/www/htdocs/demo/public/index.php(67): CodeIgniter\CodeIgniter->run()
#10 {main}
CRITICAL - 2023-04-24 04:32:30 --> Column 'name' cannot be null
in SYSTEMPATH/Database/BaseConnection.php on line 645.
 1 SYSTEMPATH/Database/BaseBuilder.php(2309): CodeIgniter\Database\BaseConnection->query()
 2 APPPATH/Models/Post_model.php(29): CodeIgniter\Database\BaseBuilder->insert()
 3 APPPATH/Controllers/Post.php(61): App\Models\Post->post()
 4 SYSTEMPATH/CodeIgniter.php(934): App\Controllers\Post->post_newThread()
 5 SYSTEMPATH/CodeIgniter.php(499): CodeIgniter\CodeIgniter->runController()
 6 SYSTEMPATH/CodeIgniter.php(368): CodeIgniter\CodeIgniter->handleRequest()
 7 FCPATH/index.php(67): CodeIgniter\CodeIgniter->run()
CRITICAL - 2023-04-24 04:42:49 --> Undefined variable $error
in APPPATH/Views/newUser.php on line 50.
 1 APPPATH/Views/newUser.php(50): CodeIgniter\Debug\Exceptions->errorHandler()
 2 SYSTEMPATH/View/View.php(213): include('APPPATH/Views/newUser.php')
 3 SYSTEMPATH/View/View.php(216): CodeIgniter\View\View->CodeIgniter\View\{closure}()
 4 SYSTEMPATH/Common.php(1184): CodeIgniter\View\View->render()
 5 APPPATH/Controllers/Newuser.php(21): view()
 6 SYSTEMPATH/CodeIgniter.php(934): App\Controllers\Newuser->index()
 7 SYSTEMPATH/CodeIgniter.php(499): CodeIgniter\CodeIgniter->runController()
 8 SYSTEMPATH/CodeIgniter.php(368): CodeIgniter\CodeIgniter->handleRequest()
 9 FCPATH/index.php(67): CodeIgniter\CodeIgniter->run()
CRITICAL - 2023-04-24 04:42:53 --> Undefined variable $error
in APPPATH/Views/newUser.php on line 50.
 1 APPPATH/Views/newUser.php(50): CodeIgniter\Debug\Exceptions->errorHandler()
 2 SYSTEMPATH/View/View.php(213): include('APPPATH/Views/newUser.php')
 3 SYSTEMPATH/View/View.php(216): CodeIgniter\View\View->CodeIgniter\View\{closure}()
 4 SYSTEMPATH/Common.php(1184): CodeIgniter\View\View->render()
 5 APPPATH/Controllers/Newuser.php(21): view()
 6 SYSTEMPATH/CodeIgniter.php(934): App\Controllers\Newuser->index()
 7 SYSTEMPATH/CodeIgniter.php(499): CodeIgniter\CodeIgniter->runController()
 8 SYSTEMPATH/CodeIgniter.php(368): CodeIgniter\CodeIgniter->handleRequest()
 9 FCPATH/index.php(67): CodeIgniter\CodeIgniter->run()
CRITICAL - 2023-04-24 04:46:59 --> Undefined variable $error
in APPPATH/Views/newUser.php on line 50.
 1 APPPATH/Views/newUser.php(50): CodeIgniter\Debug\Exceptions->errorHandler()
 2 SYSTEMPATH/View/View.php(213): include('APPPATH/Views/newUser.php')
 3 SYSTEMPATH/View/View.php(216): CodeIgniter\View\View->CodeIgniter\View\{closure}()
 4 SYSTEMPATH/Common.php(1184): CodeIgniter\View\View->render()
 5 APPPATH/Controllers/Newuser.php(20): view()
 6 SYSTEMPATH/CodeIgniter.php(934): App\Controllers\Newuser->index()
 7 SYSTEMPATH/CodeIgniter.php(499): CodeIgniter\CodeIgniter->runController()
 8 SYSTEMPATH/CodeIgniter.php(368): CodeIgniter\CodeIgniter->handleRequest()
 9 FCPATH/index.php(67): CodeIgniter\CodeIgniter->run()
ERROR - 2023-04-24 04:50:32 --> mysqli_sql_exception: Column 'username' cannot be null in /var/www/htdocs/demo/system/Database/MySQLi/Connection.php:295
Stack trace:
#0 /var/www/htdocs/demo/system/Database/MySQLi/Connection.php(295): mysqli->query()
#1 /var/www/htdocs/demo/system/Database/BaseConnection.php(691): CodeIgniter\Database\MySQLi\Connection->execute()
#2 /var/www/htdocs/demo/system/Database/BaseConnection.php(605): CodeIgniter\Database\BaseConnection->simpleQuery()
#3 /var/www/htdocs/demo/system/Database/BaseBuilder.php(2309): CodeIgniter\Database\BaseConnection->query()
#4 /var/www/htdocs/demo/app/Models/Favourite_model.php(24): CodeIgniter\Database\BaseBuilder->insert()
#5 /var/www/htdocs/demo/app/Controllers/Postdetail.php(39): App\Models\Comment->favoriteInsert()
#6 /var/www/htdocs/demo/system/CodeIgniter.php(934): App\Controllers\Postdetail->favourite()
#7 /var/www/htdocs/demo/system/CodeIgniter.php(499): CodeIgniter\CodeIgniter->runController()
#8 /var/www/htdocs/demo/system/CodeIgniter.php(368): CodeIgniter\CodeIgniter->handleRequest()
#9 /var/www/htdocs/demo/public/index.php(67): CodeIgniter\CodeIgniter->run()
#10 {main}
CRITICAL - 2023-04-24 04:50:32 --> Column 'username' cannot be null
in SYSTEMPATH/Database/BaseConnection.php on line 645.
 1 SYSTEMPATH/Database/BaseBuilder.php(2309): CodeIgniter\Database\BaseConnection->query()
 2 APPPATH/Models/Favourite_model.php(24): CodeIgniter\Database\BaseBuilder->insert()
 3 APPPATH/Controllers/Postdetail.php(39): App\Models\Comment->favoriteInsert()
 4 SYSTEMPATH/CodeIgniter.php(934): App\Controllers\Postdetail->favourite()
 5 SYSTEMPATH/CodeIgniter.php(499): CodeIgniter\CodeIgniter->runController()
 6 SYSTEMPATH/CodeIgniter.php(368): CodeIgniter\CodeIgniter->handleRequest()
 7 FCPATH/index.php(67): CodeIgniter\CodeIgniter->run()
CRITICAL - 2023-04-24 05:12:50 --> Undefined variable $ss
in APPPATH/Views/postdetail.php on line 287.
 1 APPPATH/Views/postdetail.php(287): CodeIgniter\Debug\Exceptions->errorHandler()
 2 SYSTEMPATH/View/View.php(213): include('APPPATH/Views/postdetail.php')
 3 SYSTEMPATH/View/View.php(216): CodeIgniter\View\View->CodeIgniter\View\{closure}()
 4 SYSTEMPATH/Common.php(1184): CodeIgniter\View\View->render()
 5 APPPATH/Controllers/Postdetail.php(26): view()
 6 SYSTEMPATH/CodeIgniter.php(934): App\Controllers\Postdetail->detail()
 7 SYSTEMPATH/CodeIgniter.php(499): CodeIgniter\CodeIgniter->runController()
 8 SYSTEMPATH/CodeIgniter.php(368): CodeIgniter\CodeIgniter->handleRequest()
 9 FCPATH/index.php(67): CodeIgniter\CodeIgniter->run()
CRITICAL - 2023-04-24 05:23:40 --> Undefined variable $pidpost
in APPPATH/Views/postdetail.php on line 214.
 1 APPPATH/Views/postdetail.php(214): CodeIgniter\Debug\Exceptions->errorHandler()
 2 SYSTEMPATH/View/View.php(213): include('APPPATH/Views/postdetail.php')
 3 SYSTEMPATH/View/View.php(216): CodeIgniter\View\View->CodeIgniter\View\{closure}()
 4 SYSTEMPATH/Common.php(1184): CodeIgniter\View\View->render()
 5 APPPATH/Controllers/Postdetail.php(26): view()
 6 SYSTEMPATH/CodeIgniter.php(934): App\Controllers\Postdetail->detail()
 7 SYSTEMPATH/CodeIgniter.php(499): CodeIgniter\CodeIgniter->runController()
 8 SYSTEMPATH/CodeIgniter.php(368): CodeIgniter\CodeIgniter->handleRequest()
 9 FCPATH/index.php(67): CodeIgniter\CodeIgniter->run()
CRITICAL - 2023-04-24 05:46:02 --> Undefined variable $results
in APPPATH/Views/favlist.php on line 132.
 1 APPPATH/Views/favlist.php(132): CodeIgniter\Debug\Exceptions->errorHandler()
 2 SYSTEMPATH/View/View.php(213): include('APPPATH/Views/favlist.php')
 3 SYSTEMPATH/View/View.php(216): CodeIgniter\View\View->CodeIgniter\View\{closure}()
 4 SYSTEMPATH/Common.php(1184): CodeIgniter\View\View->render()
 5 APPPATH/Controllers/Userinfo.php(46): view()
 6 SYSTEMPATH/CodeIgniter.php(934): App\Controllers\Userinfo->showfavlist()
 7 SYSTEMPATH/CodeIgniter.php(499): CodeIgniter\CodeIgniter->runController()
 8 SYSTEMPATH/CodeIgniter.php(368): CodeIgniter\CodeIgniter->handleRequest()
 9 FCPATH/index.php(67): CodeIgniter\CodeIgniter->run()
CRITICAL - 2023-04-24 05:47:26 --> Undefined variable $results
in APPPATH/Views/favlist.php on line 132.
 1 APPPATH/Views/favlist.php(132): CodeIgniter\Debug\Exceptions->errorHandler()
 2 SYSTEMPATH/View/View.php(213): include('APPPATH/Views/favlist.php')
 3 SYSTEMPATH/View/View.php(216): CodeIgniter\View\View->CodeIgniter\View\{closure}()
 4 SYSTEMPATH/Common.php(1184): CodeIgniter\View\View->render()
 5 APPPATH/Controllers/Userinfo.php(46): view()
 6 SYSTEMPATH/CodeIgniter.php(934): App\Controllers\Userinfo->showfavlist()
 7 SYSTEMPATH/CodeIgniter.php(499): CodeIgniter\CodeIgniter->runController()
 8 SYSTEMPATH/CodeIgniter.php(368): CodeIgniter\CodeIgniter->handleRequest()
 9 FCPATH/index.php(67): CodeIgniter\CodeIgniter->run()
CRITICAL - 2023-04-24 05:52:44 --> Undefined variable $results
in APPPATH/Views/favlist.php on line 132.
 1 APPPATH/Views/favlist.php(132): CodeIgniter\Debug\Exceptions->errorHandler()
 2 SYSTEMPATH/View/View.php(213): include('APPPATH/Views/favlist.php')
 3 SYSTEMPATH/View/View.php(216): CodeIgniter\View\View->CodeIgniter\View\{closure}()
 4 SYSTEMPATH/Common.php(1184): CodeIgniter\View\View->render()
 5 APPPATH/Controllers/Userinfo.php(46): view()
 6 SYSTEMPATH/CodeIgniter.php(934): App\Controllers\Userinfo->showfavlist()
 7 SYSTEMPATH/CodeIgniter.php(499): CodeIgniter\CodeIgniter->runController()
 8 SYSTEMPATH/CodeIgniter.php(368): CodeIgniter\CodeIgniter->handleRequest()
 9 FCPATH/index.php(67): CodeIgniter\CodeIgniter->run()
CRITICAL - 2023-04-24 05:55:01 --> Undefined variable $results
in APPPATH/Views/favlist.php on line 132.
 1 APPPATH/Views/favlist.php(132): CodeIgniter\Debug\Exceptions->errorHandler()
 2 SYSTEMPATH/View/View.php(213): include('APPPATH/Views/favlist.php')
 3 SYSTEMPATH/View/View.php(216): CodeIgniter\View\View->CodeIgniter\View\{closure}()
 4 SYSTEMPATH/Common.php(1184): CodeIgniter\View\View->render()
 5 APPPATH/Controllers/Userinfo.php(46): view()
 6 SYSTEMPATH/CodeIgniter.php(934): App\Controllers\Userinfo->showfavlist()
 7 SYSTEMPATH/CodeIgniter.php(499): CodeIgniter\CodeIgniter->runController()
 8 SYSTEMPATH/CodeIgniter.php(368): CodeIgniter\CodeIgniter->handleRequest()
 9 FCPATH/index.php(67): CodeIgniter\CodeIgniter->run()
CRITICAL - 2023-04-24 09:36:11 --> Cannot use object of type stdClass as array
in APPPATH/Views/favlist.php on line 135.
 1 SYSTEMPATH/View/View.php(213): include()
 2 SYSTEMPATH/View/View.php(216): CodeIgniter\View\View->CodeIgniter\View\{closure}()
 3 SYSTEMPATH/Common.php(1184): CodeIgniter\View\View->render()
 4 APPPATH/Controllers/Userinfo.php(46): view()
 5 SYSTEMPATH/CodeIgniter.php(934): App\Controllers\Userinfo->showfavlist()
 6 SYSTEMPATH/CodeIgniter.php(499): CodeIgniter\CodeIgniter->runController()
 7 SYSTEMPATH/CodeIgniter.php(368): CodeIgniter\CodeIgniter->handleRequest()
 8 FCPATH/index.php(67): CodeIgniter\CodeIgniter->run()
CRITICAL - 2023-04-24 09:36:28 --> Undefined array key "title"
in APPPATH/Views/favlist.php on line 135.
 1 APPPATH/Views/favlist.php(135): CodeIgniter\Debug\Exceptions->errorHandler()
 2 SYSTEMPATH/View/View.php(213): include('APPPATH/Views/favlist.php')
 3 SYSTEMPATH/View/View.php(216): CodeIgniter\View\View->CodeIgniter\View\{closure}()
 4 SYSTEMPATH/Common.php(1184): CodeIgniter\View\View->render()
 5 APPPATH/Controllers/Userinfo.php(46): view()
 6 SYSTEMPATH/CodeIgniter.php(934): App\Controllers\Userinfo->showfavlist()
 7 SYSTEMPATH/CodeIgniter.php(499): CodeIgniter\CodeIgniter->runController()
 8 SYSTEMPATH/CodeIgniter.php(368): CodeIgniter\CodeIgniter->handleRequest()
 9 FCPATH/index.php(67): CodeIgniter\CodeIgniter->run()
CRITICAL - 2023-04-24 09:38:00 --> Undefined array key "title"
in APPPATH/Views/favlist.php on line 135.
 1 APPPATH/Views/favlist.php(135): CodeIgniter\Debug\Exceptions->errorHandler()
 2 SYSTEMPATH/View/View.php(213): include('APPPATH/Views/favlist.php')
 3 SYSTEMPATH/View/View.php(216): CodeIgniter\View\View->CodeIgniter\View\{closure}()
 4 SYSTEMPATH/Common.php(1184): CodeIgniter\View\View->render()
 5 APPPATH/Controllers/Userinfo.php(46): view()
 6 SYSTEMPATH/CodeIgniter.php(934): App\Controllers\Userinfo->showfavlist()
 7 SYSTEMPATH/CodeIgniter.php(499): CodeIgniter\CodeIgniter->runController()
 8 SYSTEMPATH/CodeIgniter.php(368): CodeIgniter\CodeIgniter->handleRequest()
 9 FCPATH/index.php(67): CodeIgniter\CodeIgniter->run()
ERROR - 2023-04-24 09:38:25 --> mysqli_sql_exception: Unknown column 'username' in 'where clause' in /var/www/htdocs/demo/system/Database/MySQLi/Connection.php:295
Stack trace:
#0 /var/www/htdocs/demo/system/Database/MySQLi/Connection.php(295): mysqli->query()
#1 /var/www/htdocs/demo/system/Database/BaseConnection.php(691): CodeIgniter\Database\MySQLi\Connection->execute()
#2 /var/www/htdocs/demo/system/Database/BaseConnection.php(605): CodeIgniter\Database\BaseConnection->simpleQuery()
#3 /var/www/htdocs/demo/system/Database/BaseBuilder.php(1616): CodeIgniter\Database\BaseConnection->query()
#4 /var/www/htdocs/demo/system/Model.php(840): CodeIgniter\Database\BaseBuilder->get()
#5 /var/www/htdocs/demo/app/Controllers/Userinfo.php(43): CodeIgniter\Model->__call()
#6 /var/www/htdocs/demo/system/CodeIgniter.php(934): App\Controllers\Userinfo->showfavlist()
#7 /var/www/htdocs/demo/system/CodeIgniter.php(499): CodeIgniter\CodeIgniter->runController()
#8 /var/www/htdocs/demo/system/CodeIgniter.php(368): CodeIgniter\CodeIgniter->handleRequest()
#9 /var/www/htdocs/demo/public/index.php(67): CodeIgniter\CodeIgniter->run()
#10 {main}
CRITICAL - 2023-04-24 09:38:25 --> Unknown column 'username' in 'where clause'
in SYSTEMPATH/Database/BaseConnection.php on line 645.
 1 SYSTEMPATH/Database/BaseBuilder.php(1616): CodeIgniter\Database\BaseConnection->query()
 2 SYSTEMPATH/Model.php(840): CodeIgniter\Database\BaseBuilder->get()
 3 APPPATH/Controllers/Userinfo.php(43): CodeIgniter\Model->__call()
 4 SYSTEMPATH/CodeIgniter.php(934): App\Controllers\Userinfo->showfavlist()
 5 SYSTEMPATH/CodeIgniter.php(499): CodeIgniter\CodeIgniter->runController()
 6 SYSTEMPATH/CodeIgniter.php(368): CodeIgniter\CodeIgniter->handleRequest()
 7 FCPATH/index.php(67): CodeIgniter\CodeIgniter->run()
CRITICAL - 2023-04-24 09:38:51 --> Undefined variable $pid
in APPPATH/Views/favlist.php on line 147.
 1 APPPATH/Views/favlist.php(147): CodeIgniter\Debug\Exceptions->errorHandler()
 2 SYSTEMPATH/View/View.php(213): include('APPPATH/Views/favlist.php')
 3 SYSTEMPATH/View/View.php(216): CodeIgniter\View\View->CodeIgniter\View\{closure}()
 4 SYSTEMPATH/Common.php(1184): CodeIgniter\View\View->render()
 5 APPPATH/Controllers/Userinfo.php(46): view()
 6 SYSTEMPATH/CodeIgniter.php(934): App\Controllers\Userinfo->showfavlist()
 7 SYSTEMPATH/CodeIgniter.php(499): CodeIgniter\CodeIgniter->runController()
 8 SYSTEMPATH/CodeIgniter.php(368): CodeIgniter\CodeIgniter->handleRequest()
 9 FCPATH/index.php(67): CodeIgniter\CodeIgniter->run()
CRITICAL - 2023-04-24 09:39:37 --> Undefined variable $pid
in APPPATH/Views/favlist.php on line 148.
 1 APPPATH/Views/favlist.php(148): CodeIgniter\Debug\Exceptions->errorHandler()
 2 SYSTEMPATH/View/View.php(213): include('APPPATH/Views/favlist.php')
 3 SYSTEMPATH/View/View.php(216): CodeIgniter\View\View->CodeIgniter\View\{closure}()
 4 SYSTEMPATH/Common.php(1184): CodeIgniter\View\View->render()
 5 APPPATH/Controllers/Userinfo.php(46): view()
 6 SYSTEMPATH/CodeIgniter.php(934): App\Controllers\Userinfo->showfavlist()
 7 SYSTEMPATH/CodeIgniter.php(499): CodeIgniter\CodeIgniter->runController()
 8 SYSTEMPATH/CodeIgniter.php(368): CodeIgniter\CodeIgniter->handleRequest()
 9 FCPATH/index.php(67): CodeIgniter\CodeIgniter->run()
CRITICAL - 2023-04-24 09:56:24 --> Undefined array key "title"
in APPPATH/Views/favlist.php on line 217.
 1 APPPATH/Views/favlist.php(217): CodeIgniter\Debug\Exceptions->errorHandler()
 2 SYSTEMPATH/View/View.php(213): include('APPPATH/Views/favlist.php')
 3 SYSTEMPATH/View/View.php(216): CodeIgniter\View\View->CodeIgniter\View\{closure}()
 4 SYSTEMPATH/Common.php(1184): CodeIgniter\View\View->render()
 5 APPPATH/Controllers/Userinfo.php(58): view()
 6 SYSTEMPATH/CodeIgniter.php(934): App\Controllers\Userinfo->showfavlist()
 7 SYSTEMPATH/CodeIgniter.php(499): CodeIgniter\CodeIgniter->runController()
 8 SYSTEMPATH/CodeIgniter.php(368): CodeIgniter\CodeIgniter->handleRequest()
 9 FCPATH/index.php(67): CodeIgniter\CodeIgniter->run()
CRITICAL - 2023-04-24 12:00:36 --> Object of class CodeIgniter\Database\MySQLi\Result could not be converted to string
in APPPATH/Controllers/Newuser.php on line 39.
 1 SYSTEMPATH/CodeIgniter.php(934): App\Controllers\Newuser->signin()
 2 SYSTEMPATH/CodeIgniter.php(499): CodeIgniter\CodeIgniter->runController()
 3 SYSTEMPATH/CodeIgniter.php(368): CodeIgniter\CodeIgniter->handleRequest()
 4 FCPATH/index.php(67): CodeIgniter\CodeIgniter->run()
CRITICAL - 2023-04-24 12:05:10 --> You must set the database table to be used with your query.
in SYSTEMPATH/Database/BaseConnection.php on line 882.
 1 SYSTEMPATH/Model.php(642): CodeIgniter\Database\BaseConnection->table()
 2 SYSTEMPATH/Model.php(832): CodeIgniter\Model->builder()
 3 APPPATH/Controllers/Newuser.php(52): CodeIgniter\Model->__call()
 4 SYSTEMPATH/CodeIgniter.php(934): App\Controllers\Newuser->signin()
 5 SYSTEMPATH/CodeIgniter.php(499): CodeIgniter\CodeIgniter->runController()
 6 SYSTEMPATH/CodeIgniter.php(368): CodeIgniter\CodeIgniter->handleRequest()
 7 FCPATH/index.php(67): CodeIgniter\CodeIgniter->run()
CRITICAL - 2023-04-24 12:07:10 --> You must set the database table to be used with your query.
in SYSTEMPATH/Database/BaseConnection.php on line 882.
 1 SYSTEMPATH/Model.php(642): CodeIgniter\Database\BaseConnection->table()
 2 SYSTEMPATH/Model.php(832): CodeIgniter\Model->builder()
 3 APPPATH/Controllers/Newuser.php(52): CodeIgniter\Model->__call()
 4 SYSTEMPATH/CodeIgniter.php(934): App\Controllers\Newuser->signin()
 5 SYSTEMPATH/CodeIgniter.php(499): CodeIgniter\CodeIgniter->runController()
 6 SYSTEMPATH/CodeIgniter.php(368): CodeIgniter\CodeIgniter->handleRequest()
 7 FCPATH/index.php(67): CodeIgniter\CodeIgniter->run()
CRITICAL - 2023-04-24 12:09:17 --> Call to undefined method App\Models\User_model::signin
in SYSTEMPATH/Model.php on line 842.
 1 APPPATH/Controllers/Newuser.php(52): CodeIgniter\Model->__call()
 2 SYSTEMPATH/CodeIgniter.php(934): App\Controllers\Newuser->signin()
 3 SYSTEMPATH/CodeIgniter.php(499): CodeIgniter\CodeIgniter->runController()
 4 SYSTEMPATH/CodeIgniter.php(368): CodeIgniter\CodeIgniter->handleRequest()
 5 FCPATH/index.php(67): CodeIgniter\CodeIgniter->run()
CRITICAL - 2023-04-24 12:10:55 --> Call to undefined method App\Models\User_model::signin
in SYSTEMPATH/Model.php on line 842.
 1 APPPATH/Controllers/Newuser.php(52): CodeIgniter\Model->__call()
 2 SYSTEMPATH/CodeIgniter.php(934): App\Controllers\Newuser->signup()
 3 SYSTEMPATH/CodeIgniter.php(499): CodeIgniter\CodeIgniter->runController()
 4 SYSTEMPATH/CodeIgniter.php(368): CodeIgniter\CodeIgniter->handleRequest()
 5 FCPATH/index.php(67): CodeIgniter\CodeIgniter->run()
CRITICAL - 2023-04-24 12:45:07 --> Undefined variable $error
in APPPATH/Views/login.php on line 12.
 1 APPPATH/Views/login.php(12): CodeIgniter\Debug\Exceptions->errorHandler()
 2 SYSTEMPATH/View/View.php(213): include('APPPATH/Views/login.php')
 3 SYSTEMPATH/View/View.php(216): CodeIgniter\View\View->CodeIgniter\View\{closure}()
 4 SYSTEMPATH/Common.php(1184): CodeIgniter\View\View->render()
 5 APPPATH/Models/User_model.php(45): view()
 6 APPPATH/Controllers/Newuser.php(52): App\Models\User_model->signin()
 7 SYSTEMPATH/CodeIgniter.php(934): App\Controllers\Newuser->signup()
 8 SYSTEMPATH/CodeIgniter.php(499): CodeIgniter\CodeIgniter->runController()
 9 SYSTEMPATH/CodeIgniter.php(368): CodeIgniter\CodeIgniter->handleRequest()
10 FCPATH/index.php(67): CodeIgniter\CodeIgniter->run()
ERROR - 2023-04-24 13:06:07 --> mysqli_sql_exception: Unknown column 'is_verified' in 'field list' in /var/www/htdocs/demo/system/Database/MySQLi/Connection.php:295
Stack trace:
#0 /var/www/htdocs/demo/system/Database/MySQLi/Connection.php(295): mysqli->query()
#1 /var/www/htdocs/demo/system/Database/BaseConnection.php(691): CodeIgniter\Database\MySQLi\Connection->execute()
#2 /var/www/htdocs/demo/system/Database/BaseConnection.php(605): CodeIgniter\Database\BaseConnection->simpleQuery()
#3 /var/www/htdocs/demo/system/Database/BaseBuilder.php(2476): CodeIgniter\Database\BaseConnection->query()
#4 /var/www/htdocs/demo/app/Controllers/Authorize.php(23): CodeIgniter\Database\BaseBuilder->update()
#5 /var/www/htdocs/demo/system/CodeIgniter.php(934): App\Controllers\Authorize->verifyEmail()
#6 /var/www/htdocs/demo/system/CodeIgniter.php(499): CodeIgniter\CodeIgniter->runController()
#7 /var/www/htdocs/demo/system/CodeIgniter.php(368): CodeIgniter\CodeIgniter->handleRequest()
#8 /var/www/htdocs/demo/public/index.php(67): CodeIgniter\CodeIgniter->run()
#9 {main}
CRITICAL - 2023-04-24 13:06:07 --> Unknown column 'is_verified' in 'field list'
in SYSTEMPATH/Database/BaseConnection.php on line 645.
 1 SYSTEMPATH/Database/BaseBuilder.php(2476): CodeIgniter\Database\BaseConnection->query()
 2 APPPATH/Controllers/Authorize.php(23): CodeIgniter\Database\BaseBuilder->update()
 3 SYSTEMPATH/CodeIgniter.php(934): App\Controllers\Authorize->verifyEmail()
 4 SYSTEMPATH/CodeIgniter.php(499): CodeIgniter\CodeIgniter->runController()
 5 SYSTEMPATH/CodeIgniter.php(368): CodeIgniter\CodeIgniter->handleRequest()
 6 FCPATH/index.php(67): CodeIgniter\CodeIgniter->run()
ERROR - 2023-04-24 13:18:10 --> mysqli_sql_exception: You have an error in your SQL syntax; check the manual that corresponds to your MySQL server version for the right syntax to use near ')' at line 3 in /var/www/htdocs/demo/system/Database/MySQLi/Connection.php:295
Stack trace:
#0 /var/www/htdocs/demo/system/Database/MySQLi/Connection.php(295): mysqli->query()
#1 /var/www/htdocs/demo/system/Database/BaseConnection.php(691): CodeIgniter\Database\MySQLi\Connection->execute()
#2 /var/www/htdocs/demo/system/Database/BaseConnection.php(605): CodeIgniter\Database\BaseConnection->simpleQuery()
#3 /var/www/htdocs/demo/system/Database/BaseBuilder.php(1616): CodeIgniter\Database\BaseConnection->query()
#4 /var/www/htdocs/demo/system/Model.php(840): CodeIgniter\Database\BaseBuilder->get()
#5 /var/www/htdocs/demo/app/Controllers/Userinfo.php(56): CodeIgniter\Model->__call()
#6 /var/www/htdocs/demo/system/CodeIgniter.php(934): App\Controllers\Userinfo->showfavlist()
#7 /var/www/htdocs/demo/system/CodeIgniter.php(499): CodeIgniter\CodeIgniter->runController()
#8 /var/www/htdocs/demo/system/CodeIgniter.php(368): CodeIgniter\CodeIgniter->handleRequest()
#9 /var/www/htdocs/demo/public/index.php(67): CodeIgniter\CodeIgniter->run()
#10 {main}
CRITICAL - 2023-04-24 13:18:10 --> You have an error in your SQL syntax; check the manual that corresponds to your MySQL server version for the right syntax to use near ')' at line 3
in SYSTEMPATH/Database/BaseConnection.php on line 645.
 1 SYSTEMPATH/Database/BaseBuilder.php(1616): CodeIgniter\Database\BaseConnection->query()
 2 SYSTEMPATH/Model.php(840): CodeIgniter\Database\BaseBuilder->get()
 3 APPPATH/Controllers/Userinfo.php(56): CodeIgniter\Model->__call()
 4 SYSTEMPATH/CodeIgniter.php(934): App\Controllers\Userinfo->showfavlist()
 5 SYSTEMPATH/CodeIgniter.php(499): CodeIgniter\CodeIgniter->runController()
 6 SYSTEMPATH/CodeIgniter.php(368): CodeIgniter\CodeIgniter->handleRequest()
 7 FCPATH/index.php(67): CodeIgniter\CodeIgniter->run()
CRITICAL - 2023-04-24 13:24:15 --> Undefined variable $results
in APPPATH/Views/favlist.php on line 214.
 1 APPPATH/Views/favlist.php(214): CodeIgniter\Debug\Exceptions->errorHandler()
 2 SYSTEMPATH/View/View.php(213): include('APPPATH/Views/favlist.php')
 3 SYSTEMPATH/View/View.php(216): CodeIgniter\View\View->CodeIgniter\View\{closure}()
 4 SYSTEMPATH/Common.php(1184): CodeIgniter\View\View->render()
 5 APPPATH/Controllers/Userinfo.php(50): view()
 6 SYSTEMPATH/CodeIgniter.php(934): App\Controllers\Userinfo->showfavlist()
 7 SYSTEMPATH/CodeIgniter.php(499): CodeIgniter\CodeIgniter->runController()
 8 SYSTEMPATH/CodeIgniter.php(368): CodeIgniter\CodeIgniter->handleRequest()
 9 FCPATH/index.php(67): CodeIgniter\CodeIgniter->run()
CRITICAL - 2023-04-24 13:24:16 --> Undefined variable $results
in APPPATH/Views/favlist.php on line 214.
 1 APPPATH/Views/favlist.php(214): CodeIgniter\Debug\Exceptions->errorHandler()
 2 SYSTEMPATH/View/View.php(213): include('APPPATH/Views/favlist.php')
 3 SYSTEMPATH/View/View.php(216): CodeIgniter\View\View->CodeIgniter\View\{closure}()
 4 SYSTEMPATH/Common.php(1184): CodeIgniter\View\View->render()
 5 APPPATH/Controllers/Userinfo.php(50): view()
 6 SYSTEMPATH/CodeIgniter.php(934): App\Controllers\Userinfo->showfavlist()
 7 SYSTEMPATH/CodeIgniter.php(499): CodeIgniter\CodeIgniter->runController()
 8 SYSTEMPATH/CodeIgniter.php(368): CodeIgniter\CodeIgniter->handleRequest()
 9 FCPATH/index.php(67): CodeIgniter\CodeIgniter->run()
CRITICAL - 2023-04-24 13:24:19 --> Undefined variable $results
in APPPATH/Views/favlist.php on line 214.
 1 APPPATH/Views/favlist.php(214): CodeIgniter\Debug\Exceptions->errorHandler()
 2 SYSTEMPATH/View/View.php(213): include('APPPATH/Views/favlist.php')
 3 SYSTEMPATH/View/View.php(216): CodeIgniter\View\View->CodeIgniter\View\{closure}()
 4 SYSTEMPATH/Common.php(1184): CodeIgniter\View\View->render()
 5 APPPATH/Controllers/Userinfo.php(50): view()
 6 SYSTEMPATH/CodeIgniter.php(934): App\Controllers\Userinfo->showfavlist()
 7 SYSTEMPATH/CodeIgniter.php(499): CodeIgniter\CodeIgniter->runController()
 8 SYSTEMPATH/CodeIgniter.php(368): CodeIgniter\CodeIgniter->handleRequest()
 9 FCPATH/index.php(67): CodeIgniter\CodeIgniter->run()
CRITICAL - 2023-04-24 13:25:35 --> Undefined variable $results
in APPPATH/Views/favlist.php on line 214.
 1 APPPATH/Views/favlist.php(214): CodeIgniter\Debug\Exceptions->errorHandler()
 2 SYSTEMPATH/View/View.php(213): include('APPPATH/Views/favlist.php')
 3 SYSTEMPATH/View/View.php(216): CodeIgniter\View\View->CodeIgniter\View\{closure}()
 4 SYSTEMPATH/Common.php(1184): CodeIgniter\View\View->render()
 5 APPPATH/Controllers/Userinfo.php(50): view()
 6 SYSTEMPATH/CodeIgniter.php(934): App\Controllers\Userinfo->showfavlist()
 7 SYSTEMPATH/CodeIgniter.php(499): CodeIgniter\CodeIgniter->runController()
 8 SYSTEMPATH/CodeIgniter.php(368): CodeIgniter\CodeIgniter->handleRequest()
 9 FCPATH/index.php(67): CodeIgniter\CodeIgniter->run()
CRITICAL - 2023-04-24 13:25:36 --> Undefined variable $results
in APPPATH/Views/favlist.php on line 214.
 1 APPPATH/Views/favlist.php(214): CodeIgniter\Debug\Exceptions->errorHandler()
 2 SYSTEMPATH/View/View.php(213): include('APPPATH/Views/favlist.php')
 3 SYSTEMPATH/View/View.php(216): CodeIgniter\View\View->CodeIgniter\View\{closure}()
 4 SYSTEMPATH/Common.php(1184): CodeIgniter\View\View->render()
 5 APPPATH/Controllers/Userinfo.php(50): view()
 6 SYSTEMPATH/CodeIgniter.php(934): App\Controllers\Userinfo->showfavlist()
 7 SYSTEMPATH/CodeIgniter.php(499): CodeIgniter\CodeIgniter->runController()
 8 SYSTEMPATH/CodeIgniter.php(368): CodeIgniter\CodeIgniter->handleRequest()
 9 FCPATH/index.php(67): CodeIgniter\CodeIgniter->run()
ERROR - 2023-04-24 13:27:46 --> mysqli_sql_exception: You have an error in your SQL syntax; check the manual that corresponds to your MySQL server version for the right syntax to use near ')' at line 3 in /var/www/htdocs/demo/system/Database/MySQLi/Connection.php:295
Stack trace:
#0 /var/www/htdocs/demo/system/Database/MySQLi/Connection.php(295): mysqli->query()
#1 /var/www/htdocs/demo/system/Database/BaseConnection.php(691): CodeIgniter\Database\MySQLi\Connection->execute()
#2 /var/www/htdocs/demo/system/Database/BaseConnection.php(605): CodeIgniter\Database\BaseConnection->simpleQuery()
#3 /var/www/htdocs/demo/system/Database/BaseBuilder.php(1616): CodeIgniter\Database\BaseConnection->query()
#4 /var/www/htdocs/demo/system/Model.php(840): CodeIgniter\Database\BaseBuilder->get()
#5 /var/www/htdocs/demo/app/Controllers/Userinfo.php(55): CodeIgniter\Model->__call()
#6 /var/www/htdocs/demo/system/CodeIgniter.php(934): App\Controllers\Userinfo->showfavlist()
#7 /var/www/htdocs/demo/system/CodeIgniter.php(499): CodeIgniter\CodeIgniter->runController()
#8 /var/www/htdocs/demo/system/CodeIgniter.php(368): CodeIgniter\CodeIgniter->handleRequest()
#9 /var/www/htdocs/demo/public/index.php(67): CodeIgniter\CodeIgniter->run()
#10 {main}
CRITICAL - 2023-04-24 13:27:46 --> You have an error in your SQL syntax; check the manual that corresponds to your MySQL server version for the right syntax to use near ')' at line 3
in SYSTEMPATH/Database/BaseConnection.php on line 645.
 1 SYSTEMPATH/Database/BaseBuilder.php(1616): CodeIgniter\Database\BaseConnection->query()
 2 SYSTEMPATH/Model.php(840): CodeIgniter\Database\BaseBuilder->get()
 3 APPPATH/Controllers/Userinfo.php(55): CodeIgniter\Model->__call()
 4 SYSTEMPATH/CodeIgniter.php(934): App\Controllers\Userinfo->showfavlist()
 5 SYSTEMPATH/CodeIgniter.php(499): CodeIgniter\CodeIgniter->runController()
 6 SYSTEMPATH/CodeIgniter.php(368): CodeIgniter\CodeIgniter->handleRequest()
 7 FCPATH/index.php(67): CodeIgniter\CodeIgniter->run()
ERROR - 2023-04-24 13:28:32 --> mysqli_sql_exception: You have an error in your SQL syntax; check the manual that corresponds to your MySQL server version for the right syntax to use near ')' at line 3 in /var/www/htdocs/demo/system/Database/MySQLi/Connection.php:295
Stack trace:
#0 /var/www/htdocs/demo/system/Database/MySQLi/Connection.php(295): mysqli->query()
#1 /var/www/htdocs/demo/system/Database/BaseConnection.php(691): CodeIgniter\Database\MySQLi\Connection->execute()
#2 /var/www/htdocs/demo/system/Database/BaseConnection.php(605): CodeIgniter\Database\BaseConnection->simpleQuery()
#3 /var/www/htdocs/demo/system/Database/BaseBuilder.php(1616): CodeIgniter\Database\BaseConnection->query()
#4 /var/www/htdocs/demo/system/Model.php(840): CodeIgniter\Database\BaseBuilder->get()
#5 /var/www/htdocs/demo/app/Controllers/Userinfo.php(58): CodeIgniter\Model->__call()
#6 /var/www/htdocs/demo/system/CodeIgniter.php(934): App\Controllers\Userinfo->showfavlist()
#7 /var/www/htdocs/demo/system/CodeIgniter.php(499): CodeIgniter\CodeIgniter->runController()
#8 /var/www/htdocs/demo/system/CodeIgniter.php(368): CodeIgniter\CodeIgniter->handleRequest()
#9 /var/www/htdocs/demo/public/index.php(67): CodeIgniter\CodeIgniter->run()
#10 {main}
CRITICAL - 2023-04-24 13:28:32 --> You have an error in your SQL syntax; check the manual that corresponds to your MySQL server version for the right syntax to use near ')' at line 3
in SYSTEMPATH/Database/BaseConnection.php on line 645.
 1 SYSTEMPATH/Database/BaseBuilder.php(1616): CodeIgniter\Database\BaseConnection->query()
 2 SYSTEMPATH/Model.php(840): CodeIgniter\Database\BaseBuilder->get()
 3 APPPATH/Controllers/Userinfo.php(58): CodeIgniter\Model->__call()
 4 SYSTEMPATH/CodeIgniter.php(934): App\Controllers\Userinfo->showfavlist()
 5 SYSTEMPATH/CodeIgniter.php(499): CodeIgniter\CodeIgniter->runController()
 6 SYSTEMPATH/CodeIgniter.php(368): CodeIgniter\CodeIgniter->handleRequest()
 7 FCPATH/index.php(67): CodeIgniter\CodeIgniter->run()
