CRITICAL - 2023-05-13 04:53:13 --> session_destroy(): Trying to destroy uninitialized session
in APPPATH/Controllers/Login.php on line 67.
 1 [internal function]: CodeIgniter\Debug\Exceptions->errorHandler()
 2 APPPATH/Controllers/Login.php(67): session_destroy()
 3 SYSTEMPATH/CodeIgniter.php(934): App\Controllers\Login->logout()
 4 SYSTEMPATH/CodeIgniter.php(499): CodeIgniter\CodeIgniter->runController()
 5 SYSTEMPATH/CodeIgniter.php(368): CodeIgniter\CodeIgniter->handleRequest()
 6 FCPATH/index.php(67): CodeIgniter\CodeIgniter->run()
CRITICAL - 2023-05-13 05:05:19 --> Undefined array key "postfile"
in APPPATH/Controllers/Post.php on line 33.
 1 APPPATH/Controllers/Post.php(33): CodeIgniter\Debug\Exceptions->errorHandler()
 2 SYSTEMPATH/CodeIgniter.php(934): App\Controllers\Post->post_newThread()
 3 SYSTEMPATH/CodeIgniter.php(499): CodeIgniter\CodeIgniter->runController()
 4 SYSTEMPATH/CodeIgniter.php(368): CodeIgniter\CodeIgniter->handleRequest()
 5 FCPATH/index.php(67): CodeIgniter\CodeIgniter->run()
CRITICAL - 2023-05-13 05:07:10 --> Trying to access array offset on value of type null
in APPPATH/Views/postdetail.php on line 208.
 1 APPPATH/Views/postdetail.php(208): CodeIgniter\Debug\Exceptions->errorHandler()
 2 SYSTEMPATH/View/View.php(213): include('APPPATH/Views/postdetail.php')
 3 SYSTEMPATH/View/View.php(216): CodeIgniter\View\View->CodeIgniter\View\{closure}()
 4 SYSTEMPATH/Common.php(1184): CodeIgniter\View\View->render()
 5 APPPATH/Controllers/Postdetail.php(24): view()
 6 SYSTEMPATH/CodeIgniter.php(934): App\Controllers\Postdetail->detail()
 7 SYSTEMPATH/CodeIgniter.php(499): CodeIgniter\CodeIgniter->runController()
 8 SYSTEMPATH/CodeIgniter.php(368): CodeIgniter\CodeIgniter->handleRequest()
 9 FCPATH/index.php(67): CodeIgniter\CodeIgniter->run()
CRITICAL - 2023-05-13 06:49:18 --> Allowed memory size of 134217728 bytes exhausted (tried to allocate 16384 bytes)
in SYSTEMPATH/View/View.php on line 212.
 1 [internal function]: CodeIgniter\Debug\Exceptions->shutdownHandler()
CRITICAL - 2023-05-13 06:51:24 --> Allowed memory size of 134217728 bytes exhausted (tried to allocate 16384 bytes)
in SYSTEMPATH/View/View.php on line 212.
 1 [internal function]: CodeIgniter\Debug\Exceptions->shutdownHandler()
CRITICAL - 2023-05-13 07:02:13 --> Allowed memory size of 268435456 bytes exhausted (tried to allocate 118784 bytes)
in SYSTEMPATH/View/View.php on line 212.
 1 [internal function]: CodeIgniter\Debug\Exceptions->shutdownHandler()
CRITICAL - 2023-05-13 07:02:15 --> Allowed memory size of 268435456 bytes exhausted (tried to allocate 118784 bytes)
in SYSTEMPATH/View/View.php on line 212.
 1 [internal function]: CodeIgniter\Debug\Exceptions->shutdownHandler()
CRITICAL - 2023-05-13 07:09:16 --> Allowed memory size of 134217728 bytes exhausted (tried to allocate 16384 bytes)
in SYSTEMPATH/View/View.php on line 212.
 1 [internal function]: CodeIgniter\Debug\Exceptions->shutdownHandler()
CRITICAL - 2023-05-13 07:37:05 --> Attempt to read property "email" on null
in APPPATH/Models/User_model.php on line 201.
 1 APPPATH/Models/User_model.php(201): CodeIgniter\Debug\Exceptions->errorHandler()
 2 APPPATH/Controllers/Authorize.php(14): App\Models\User_model->setnewPassword()
 3 SYSTEMPATH/CodeIgniter.php(934): App\Controllers\Authorize->resetPW()
 4 SYSTEMPATH/CodeIgniter.php(499): CodeIgniter\CodeIgniter->runController()
 5 SYSTEMPATH/CodeIgniter.php(368): CodeIgniter\CodeIgniter->handleRequest()
 6 FCPATH/index.php(67): CodeIgniter\CodeIgniter->run()
CRITICAL - 2023-05-13 07:37:48 --> Attempt to read property "email" on null
in APPPATH/Models/User_model.php on line 200.
 1 APPPATH/Models/User_model.php(200): CodeIgniter\Debug\Exceptions->errorHandler()
 2 APPPATH/Controllers/Authorize.php(14): App\Models\User_model->setnewPassword()
 3 SYSTEMPATH/CodeIgniter.php(934): App\Controllers\Authorize->resetPW()
 4 SYSTEMPATH/CodeIgniter.php(499): CodeIgniter\CodeIgniter->runController()
 5 SYSTEMPATH/CodeIgniter.php(368): CodeIgniter\CodeIgniter->handleRequest()
 6 FCPATH/index.php(67): CodeIgniter\CodeIgniter->run()
CRITICAL - 2023-05-13 07:48:37 --> Object of class CodeIgniter\Email\Email could not be converted to string
in APPPATH/Models/User_model.php on line 120.
 1 APPPATH/Models/User_model.php(40): App\Models\User_model->sendresetPWEmail()
 2 APPPATH/Controllers/Login.php(85): App\Models\User_model->forgotPassword()
 3 SYSTEMPATH/CodeIgniter.php(934): App\Controllers\Login->forgotPW()
 4 SYSTEMPATH/CodeIgniter.php(499): CodeIgniter\CodeIgniter->runController()
 5 SYSTEMPATH/CodeIgniter.php(368): CodeIgniter\CodeIgniter->handleRequest()
 6 FCPATH/index.php(67): CodeIgniter\CodeIgniter->run()
CRITICAL - 2023-05-13 07:49:17 --> Undefined array key "email"
in APPPATH/Models/User_model.php on line 120.
 1 APPPATH/Models/User_model.php(120): CodeIgniter\Debug\Exceptions->errorHandler()
 2 APPPATH/Models/User_model.php(40): App\Models\User_model->sendresetPWEmail()
 3 APPPATH/Controllers/Login.php(85): App\Models\User_model->forgotPassword()
 4 SYSTEMPATH/CodeIgniter.php(934): App\Controllers\Login->forgotPW()
 5 SYSTEMPATH/CodeIgniter.php(499): CodeIgniter\CodeIgniter->runController()
 6 SYSTEMPATH/CodeIgniter.php(368): CodeIgniter\CodeIgniter->handleRequest()
 7 FCPATH/index.php(67): CodeIgniter\CodeIgniter->run()
CRITICAL - 2023-05-13 07:52:54 --> Attempt to read property "email" on null
in APPPATH/Models/User_model.php on line 187.
 1 APPPATH/Models/User_model.php(187): CodeIgniter\Debug\Exceptions->errorHandler()
 2 APPPATH/Controllers/Authorize.php(14): App\Models\User_model->setnewPassword()
 3 SYSTEMPATH/CodeIgniter.php(934): App\Controllers\Authorize->resetPW()
 4 SYSTEMPATH/CodeIgniter.php(499): CodeIgniter\CodeIgniter->runController()
 5 SYSTEMPATH/CodeIgniter.php(368): CodeIgniter\CodeIgniter->handleRequest()
 6 FCPATH/index.php(67): CodeIgniter\CodeIgniter->run()
CRITICAL - 2023-05-13 07:57:21 --> Attempt to read property "email" on null
in APPPATH/Models/User_model.php on line 187.
 1 APPPATH/Models/User_model.php(187): CodeIgniter\Debug\Exceptions->errorHandler()
 2 APPPATH/Controllers/Authorize.php(14): App\Models\User_model->setnewPassword()
 3 SYSTEMPATH/CodeIgniter.php(934): App\Controllers\Authorize->setnewPassword()
 4 SYSTEMPATH/CodeIgniter.php(499): CodeIgniter\CodeIgniter->runController()
 5 SYSTEMPATH/CodeIgniter.php(368): CodeIgniter\CodeIgniter->handleRequest()
 6 FCPATH/index.php(67): CodeIgniter\CodeIgniter->run()
ERROR - 2023-05-13 07:59:08 --> mysqli_sql_exception: Unknown column 'passsword' in 'where clause' in /var/www/htdocs/demo/system/Database/MySQLi/Connection.php:295
Stack trace:
#0 /var/www/htdocs/demo/system/Database/MySQLi/Connection.php(295): mysqli->query()
#1 /var/www/htdocs/demo/system/Database/BaseConnection.php(691): CodeIgniter\Database\MySQLi\Connection->execute()
#2 /var/www/htdocs/demo/system/Database/BaseConnection.php(605): CodeIgniter\Database\BaseConnection->simpleQuery()
#3 /var/www/htdocs/demo/system/Database/BaseBuilder.php(1616): CodeIgniter\Database\BaseConnection->query()
#4 /var/www/htdocs/demo/app/Models/User_model.php(187): CodeIgniter\Database\BaseBuilder->get()
#5 /var/www/htdocs/demo/app/Controllers/Authorize.php(14): App\Models\User_model->setnewPassword()
#6 /var/www/htdocs/demo/system/CodeIgniter.php(934): App\Controllers\Authorize->setnewPassword()
#7 /var/www/htdocs/demo/system/CodeIgniter.php(499): CodeIgniter\CodeIgniter->runController()
#8 /var/www/htdocs/demo/system/CodeIgniter.php(368): CodeIgniter\CodeIgniter->handleRequest()
#9 /var/www/htdocs/demo/public/index.php(67): CodeIgniter\CodeIgniter->run()
#10 {main}
CRITICAL - 2023-05-13 07:59:08 --> Unknown column 'passsword' in 'where clause'
in SYSTEMPATH/Database/BaseConnection.php on line 645.
 1 SYSTEMPATH/Database/BaseBuilder.php(1616): CodeIgniter\Database\BaseConnection->query()
 2 APPPATH/Models/User_model.php(187): CodeIgniter\Database\BaseBuilder->get()
 3 APPPATH/Controllers/Authorize.php(14): App\Models\User_model->setnewPassword()
 4 SYSTEMPATH/CodeIgniter.php(934): App\Controllers\Authorize->setnewPassword()
 5 SYSTEMPATH/CodeIgniter.php(499): CodeIgniter\CodeIgniter->runController()
 6 SYSTEMPATH/CodeIgniter.php(368): CodeIgniter\CodeIgniter->handleRequest()
 7 FCPATH/index.php(67): CodeIgniter\CodeIgniter->run()
CRITICAL - 2023-05-13 08:02:17 --> Attempt to read property "$2y$10$5ltBGFPzDzmqOuYpZzP2d.HvYRoZQVGzH.ellgJtFiPi7qDrVBLi2" on string
in APPPATH/Models/User_model.php on line 195.
 1 APPPATH/Models/User_model.php(195): CodeIgniter\Debug\Exceptions->errorHandler()
 2 APPPATH/Controllers/Login.php(102): App\Models\User_model->updatePassword()
 3 SYSTEMPATH/CodeIgniter.php(934): App\Controllers\Login->updatePassword()
 4 SYSTEMPATH/CodeIgniter.php(499): CodeIgniter\CodeIgniter->runController()
 5 SYSTEMPATH/CodeIgniter.php(368): CodeIgniter\CodeIgniter->handleRequest()
 6 FCPATH/index.php(67): CodeIgniter\CodeIgniter->run()
CRITICAL - 2023-05-13 08:05:32 --> Attempt to read property "$2y$10$poLrlsQfyoa.VjYRGW8Dzer87iL7STJNwaHY5sD2LYFp.8YHvdPVa" on string
in APPPATH/Models/User_model.php on line 196.
 1 APPPATH/Models/User_model.php(196): CodeIgniter\Debug\Exceptions->errorHandler()
 2 APPPATH/Controllers/Login.php(101): App\Models\User_model->updatePassword()
 3 SYSTEMPATH/CodeIgniter.php(934): App\Controllers\Login->updatePassword()
 4 SYSTEMPATH/CodeIgniter.php(499): CodeIgniter\CodeIgniter->runController()
 5 SYSTEMPATH/CodeIgniter.php(368): CodeIgniter\CodeIgniter->handleRequest()
 6 FCPATH/index.php(67): CodeIgniter\CodeIgniter->run()
CRITICAL - 2023-05-13 08:17:43 --> Undefined variable $email
in APPPATH/Views/newPassword.php on line 49.
 1 APPPATH/Views/newPassword.php(49): CodeIgniter\Debug\Exceptions->errorHandler()
 2 SYSTEMPATH/View/View.php(213): include('APPPATH/Views/newPassword.php')
 3 SYSTEMPATH/View/View.php(216): CodeIgniter\View\View->CodeIgniter\View\{closure}()
 4 SYSTEMPATH/Common.php(1184): CodeIgniter\View\View->render()
 5 APPPATH/Controllers/Login.php(103): view()
 6 SYSTEMPATH/CodeIgniter.php(934): App\Controllers\Login->updatePassword()
 7 SYSTEMPATH/CodeIgniter.php(499): CodeIgniter\CodeIgniter->runController()
 8 SYSTEMPATH/CodeIgniter.php(368): CodeIgniter\CodeIgniter->handleRequest()
 9 FCPATH/index.php(67): CodeIgniter\CodeIgniter->run()
CRITICAL - 2023-05-13 08:18:47 --> Undefined variable $email
in APPPATH/Views/newPassword.php on line 49.
 1 APPPATH/Views/newPassword.php(49): CodeIgniter\Debug\Exceptions->errorHandler()
 2 SYSTEMPATH/View/View.php(213): include('APPPATH/Views/newPassword.php')
 3 SYSTEMPATH/View/View.php(216): CodeIgniter\View\View->CodeIgniter\View\{closure}()
 4 SYSTEMPATH/Common.php(1184): CodeIgniter\View\View->render()
 5 APPPATH/Controllers/Login.php(103): view()
 6 SYSTEMPATH/CodeIgniter.php(934): App\Controllers\Login->updatePassword()
 7 SYSTEMPATH/CodeIgniter.php(499): CodeIgniter\CodeIgniter->runController()
 8 SYSTEMPATH/CodeIgniter.php(368): CodeIgniter\CodeIgniter->handleRequest()
 9 FCPATH/index.php(67): CodeIgniter\CodeIgniter->run()
CRITICAL - 2023-05-13 08:21:59 --> Undefined variable $data
in APPPATH/Views/newPassword.php on line 49.
 1 APPPATH/Views/newPassword.php(49): CodeIgniter\Debug\Exceptions->errorHandler()
 2 SYSTEMPATH/View/View.php(213): include('APPPATH/Views/newPassword.php')
 3 SYSTEMPATH/View/View.php(216): CodeIgniter\View\View->CodeIgniter\View\{closure}()
 4 SYSTEMPATH/Common.php(1184): CodeIgniter\View\View->render()
 5 APPPATH/Controllers/Login.php(103): view()
 6 SYSTEMPATH/CodeIgniter.php(934): App\Controllers\Login->updatePassword()
 7 SYSTEMPATH/CodeIgniter.php(499): CodeIgniter\CodeIgniter->runController()
 8 SYSTEMPATH/CodeIgniter.php(368): CodeIgniter\CodeIgniter->handleRequest()
 9 FCPATH/index.php(67): CodeIgniter\CodeIgniter->run()
CRITICAL - 2023-05-13 08:24:33 --> Undefined variable $email
in APPPATH/Views/newPassword.php on line 49.
 1 APPPATH/Views/newPassword.php(49): CodeIgniter\Debug\Exceptions->errorHandler()
 2 SYSTEMPATH/View/View.php(213): include('APPPATH/Views/newPassword.php')
 3 SYSTEMPATH/View/View.php(216): CodeIgniter\View\View->CodeIgniter\View\{closure}()
 4 SYSTEMPATH/Common.php(1184): CodeIgniter\View\View->render()
 5 APPPATH/Controllers/Login.php(105): view()
 6 SYSTEMPATH/CodeIgniter.php(934): App\Controllers\Login->updatePassword()
 7 SYSTEMPATH/CodeIgniter.php(499): CodeIgniter\CodeIgniter->runController()
 8 SYSTEMPATH/CodeIgniter.php(368): CodeIgniter\CodeIgniter->handleRequest()
 9 FCPATH/index.php(67): CodeIgniter\CodeIgniter->run()
CRITICAL - 2023-05-13 08:44:00 --> Invalid file: "signin.php"
in SYSTEMPATH/Exceptions/FrameworkException.php on line 33.
 1 SYSTEMPATH/View/View.php(201): CodeIgniter\Exceptions\FrameworkException::forInvalidFile()
 2 SYSTEMPATH/Common.php(1184): CodeIgniter\View\View->render()
 3 APPPATH/Models/User_model.php(44): view()
 4 APPPATH/Controllers/Login.php(86): App\Models\User_model->forgotPassword()
 5 SYSTEMPATH/CodeIgniter.php(934): App\Controllers\Login->forgotPW()
 6 SYSTEMPATH/CodeIgniter.php(499): CodeIgniter\CodeIgniter->runController()
 7 SYSTEMPATH/CodeIgniter.php(368): CodeIgniter\CodeIgniter->handleRequest()
 8 FCPATH/index.php(67): CodeIgniter\CodeIgniter->run()
CRITICAL - 2023-05-13 08:45:30 --> Undefined variable $error
in APPPATH/Views/login.php on line 5.
 1 APPPATH/Views/login.php(5): CodeIgniter\Debug\Exceptions->errorHandler()
 2 SYSTEMPATH/View/View.php(213): include('APPPATH/Views/login.php')
 3 SYSTEMPATH/View/View.php(216): CodeIgniter\View\View->CodeIgniter\View\{closure}()
 4 SYSTEMPATH/Common.php(1184): CodeIgniter\View\View->render()
 5 APPPATH/Models/User_model.php(44): view()
 6 APPPATH/Controllers/Login.php(86): App\Models\User_model->forgotPassword()
 7 SYSTEMPATH/CodeIgniter.php(934): App\Controllers\Login->forgotPW()
 8 SYSTEMPATH/CodeIgniter.php(499): CodeIgniter\CodeIgniter->runController()
 9 SYSTEMPATH/CodeIgniter.php(368): CodeIgniter\CodeIgniter->handleRequest()
10 FCPATH/index.php(67): CodeIgniter\CodeIgniter->run()
CRITICAL - 2023-05-13 08:46:17 --> Undefined variable $post
in APPPATH/Views/home.php on line 133.
 1 APPPATH/Views/home.php(133): CodeIgniter\Debug\Exceptions->errorHandler()
 2 SYSTEMPATH/View/View.php(213): include('APPPATH/Views/home.php')
 3 SYSTEMPATH/View/View.php(216): CodeIgniter\View\View->CodeIgniter\View\{closure}()
 4 SYSTEMPATH/Common.php(1184): CodeIgniter\View\View->render()
 5 APPPATH/Models/User_model.php(44): view()
 6 APPPATH/Controllers/Login.php(86): App\Models\User_model->forgotPassword()
 7 SYSTEMPATH/CodeIgniter.php(934): App\Controllers\Login->forgotPW()
 8 SYSTEMPATH/CodeIgniter.php(499): CodeIgniter\CodeIgniter->runController()
 9 SYSTEMPATH/CodeIgniter.php(368): CodeIgniter\CodeIgniter->handleRequest()
10 FCPATH/index.php(67): CodeIgniter\CodeIgniter->run()
CRITICAL - 2023-05-13 08:59:16 --> Undefined variable $data
in APPPATH/Models/User_model.php on line 208.
 1 APPPATH/Models/User_model.php(208): CodeIgniter\Debug\Exceptions->errorHandler()
 2 APPPATH/Controllers/Login.php(115): App\Models\User_model->updatePassword()
 3 SYSTEMPATH/CodeIgniter.php(934): App\Controllers\Login->updatePassword()
 4 SYSTEMPATH/CodeIgniter.php(499): CodeIgniter\CodeIgniter->runController()
 5 SYSTEMPATH/CodeIgniter.php(368): CodeIgniter\CodeIgniter->handleRequest()
 6 FCPATH/index.php(67): CodeIgniter\CodeIgniter->run()
CRITICAL - 2023-05-13 08:59:45 --> Attempt to read property "email" on null
in APPPATH/Models/User_model.php on line 191.
 1 APPPATH/Models/User_model.php(191): CodeIgniter\Debug\Exceptions->errorHandler()
 2 APPPATH/Controllers/Authorize.php(14): App\Models\User_model->setnewPassword()
 3 SYSTEMPATH/CodeIgniter.php(934): App\Controllers\Authorize->setnewPassword()
 4 SYSTEMPATH/CodeIgniter.php(499): CodeIgniter\CodeIgniter->runController()
 5 SYSTEMPATH/CodeIgniter.php(368): CodeIgniter\CodeIgniter->handleRequest()
 6 FCPATH/index.php(67): CodeIgniter\CodeIgniter->run()
CRITICAL - 2023-05-13 09:19:37 --> Attempt to read property "email" on null
in APPPATH/Models/User_model.php on line 191.
 1 APPPATH/Models/User_model.php(191): CodeIgniter\Debug\Exceptions->errorHandler()
 2 APPPATH/Controllers/Authorize.php(14): App\Models\User_model->setnewPassword()
 3 SYSTEMPATH/CodeIgniter.php(934): App\Controllers\Authorize->setnewPassword()
 4 SYSTEMPATH/CodeIgniter.php(499): CodeIgniter\CodeIgniter->runController()
 5 SYSTEMPATH/CodeIgniter.php(368): CodeIgniter\CodeIgniter->handleRequest()
 6 FCPATH/index.php(67): CodeIgniter\CodeIgniter->run()
CRITICAL - 2023-05-13 10:15:36 --> Undefined array key "g-recaptcha-response"
in APPPATH/Controllers/Newuser.php on line 28.
 1 APPPATH/Controllers/Newuser.php(28): CodeIgniter\Debug\Exceptions->errorHandler()
 2 SYSTEMPATH/CodeIgniter.php(934): App\Controllers\Newuser->signup()
 3 SYSTEMPATH/CodeIgniter.php(499): CodeIgniter\CodeIgniter->runController()
 4 SYSTEMPATH/CodeIgniter.php(368): CodeIgniter\CodeIgniter->handleRequest()
 5 FCPATH/index.php(67): CodeIgniter\CodeIgniter->run()
CRITICAL - 2023-05-13 10:21:45 --> Cannot access offset of type string on string
in APPPATH/Controllers/Newuser.php on line 50.
 1 SYSTEMPATH/CodeIgniter.php(934): App\Controllers\Newuser->signup()
 2 SYSTEMPATH/CodeIgniter.php(499): CodeIgniter\CodeIgniter->runController()
 3 SYSTEMPATH/CodeIgniter.php(368): CodeIgniter\CodeIgniter->handleRequest()
 4 FCPATH/index.php(67): CodeIgniter\CodeIgniter->run()
CRITICAL - 2023-05-13 10:36:26 --> Call to undefined method App\Models\User_model::sendVerificationEmail
in SYSTEMPATH/Model.php on line 842.
 1 APPPATH/Models/User_model.php(88): CodeIgniter\Model->__call()
 2 APPPATH/Controllers/Newuser.php(62): App\Models\User_model->signin()
 3 SYSTEMPATH/CodeIgniter.php(934): App\Controllers\Newuser->signup()
 4 SYSTEMPATH/CodeIgniter.php(499): CodeIgniter\CodeIgniter->runController()
 5 SYSTEMPATH/CodeIgniter.php(368): CodeIgniter\CodeIgniter->handleRequest()
 6 FCPATH/index.php(67): CodeIgniter\CodeIgniter->run()
CRITICAL - 2023-05-13 10:43:19 --> ini_set(): Session ini settings cannot be changed when a session is active
in SYSTEMPATH/Session/Handlers/FileHandler.php on line 72.
 1 [internal function]: CodeIgniter\Debug\Exceptions->errorHandler()
 2 SYSTEMPATH/Session/Handlers/FileHandler.php(72): ini_set()
 3 SYSTEMPATH/Config/Services.php(667): CodeIgniter\Session\Handlers\FileHandler->__construct()
 4 SYSTEMPATH/Config/BaseService.php(252): CodeIgniter\Config\Services::session()
 5 SYSTEMPATH/Config/BaseService.php(193): CodeIgniter\Config\BaseService::__callStatic()
 6 SYSTEMPATH/Config/Services.php(641): CodeIgniter\Config\BaseService::getSharedInstance()
 7 SYSTEMPATH/Config/BaseService.php(252): CodeIgniter\Config\Services::session()
 8 SYSTEMPATH/Common.php(988): CodeIgniter\Config\BaseService::__callStatic()
 9 APPPATH/Views/template/header.php(50): session()
10 SYSTEMPATH/View/View.php(213): include('APPPATH/Views/template/header.php')
11 SYSTEMPATH/View/View.php(216): CodeIgniter\View\View->CodeIgniter\View\{closure}()
12 SYSTEMPATH/Common.php(1184): CodeIgniter\View\View->render()
13 APPPATH/Models/User_model.php(90): view()
14 APPPATH/Controllers/Newuser.php(62): App\Models\User_model->signin()
15 SYSTEMPATH/CodeIgniter.php(934): App\Controllers\Newuser->signup()
16 SYSTEMPATH/CodeIgniter.php(499): CodeIgniter\CodeIgniter->runController()
17 SYSTEMPATH/CodeIgniter.php(368): CodeIgniter\CodeIgniter->handleRequest()
18 FCPATH/index.php(67): CodeIgniter\CodeIgniter->run()
CRITICAL - 2023-05-13 10:46:36 --> ini_set(): Session ini settings cannot be changed when a session is active
in SYSTEMPATH/Session/Handlers/FileHandler.php on line 72.
 1 [internal function]: CodeIgniter\Debug\Exceptions->errorHandler()
 2 SYSTEMPATH/Session/Handlers/FileHandler.php(72): ini_set()
 3 SYSTEMPATH/Config/Services.php(667): CodeIgniter\Session\Handlers\FileHandler->__construct()
 4 SYSTEMPATH/Config/BaseService.php(252): CodeIgniter\Config\Services::session()
 5 SYSTEMPATH/Config/BaseService.php(193): CodeIgniter\Config\BaseService::__callStatic()
 6 SYSTEMPATH/Config/Services.php(641): CodeIgniter\Config\BaseService::getSharedInstance()
 7 SYSTEMPATH/Config/BaseService.php(252): CodeIgniter\Config\Services::session()
 8 SYSTEMPATH/Common.php(988): CodeIgniter\Config\BaseService::__callStatic()
 9 APPPATH/Views/template/header.php(50): session()
10 SYSTEMPATH/View/View.php(213): include('APPPATH/Views/template/header.php')
11 SYSTEMPATH/View/View.php(216): CodeIgniter\View\View->CodeIgniter\View\{closure}()
12 SYSTEMPATH/Common.php(1184): CodeIgniter\View\View->render()
13 APPPATH/Models/User_model.php(90): view()
14 APPPATH/Controllers/Newuser.php(62): App\Models\User_model->signin()
15 SYSTEMPATH/CodeIgniter.php(934): App\Controllers\Newuser->signup()
16 SYSTEMPATH/CodeIgniter.php(499): CodeIgniter\CodeIgniter->runController()
17 SYSTEMPATH/CodeIgniter.php(368): CodeIgniter\CodeIgniter->handleRequest()
18 FCPATH/index.php(67): CodeIgniter\CodeIgniter->run()
CRITICAL - 2023-05-13 10:52:04 --> ini_set(): Session ini settings cannot be changed when a session is active
in SYSTEMPATH/Session/Handlers/FileHandler.php on line 72.
 1 [internal function]: CodeIgniter\Debug\Exceptions->errorHandler()
 2 SYSTEMPATH/Session/Handlers/FileHandler.php(72): ini_set()
 3 SYSTEMPATH/Config/Services.php(667): CodeIgniter\Session\Handlers\FileHandler->__construct()
 4 SYSTEMPATH/Config/BaseService.php(252): CodeIgniter\Config\Services::session()
 5 SYSTEMPATH/Config/BaseService.php(193): CodeIgniter\Config\BaseService::__callStatic()
 6 SYSTEMPATH/Config/Services.php(641): CodeIgniter\Config\BaseService::getSharedInstance()
 7 SYSTEMPATH/Config/BaseService.php(252): CodeIgniter\Config\Services::session()
 8 SYSTEMPATH/Common.php(988): CodeIgniter\Config\BaseService::__callStatic()
 9 APPPATH/Views/template/header.php(50): session()
10 SYSTEMPATH/View/View.php(213): include('APPPATH/Views/template/header.php')
11 SYSTEMPATH/View/View.php(216): CodeIgniter\View\View->CodeIgniter\View\{closure}()
12 SYSTEMPATH/Common.php(1184): CodeIgniter\View\View->render()
13 APPPATH/Models/User_model.php(84): view()
14 APPPATH/Controllers/Newuser.php(61): App\Models\User_model->signin()
15 SYSTEMPATH/CodeIgniter.php(934): App\Controllers\Newuser->signup()
16 SYSTEMPATH/CodeIgniter.php(499): CodeIgniter\CodeIgniter->runController()
17 SYSTEMPATH/CodeIgniter.php(368): CodeIgniter\CodeIgniter->handleRequest()
18 FCPATH/index.php(67): CodeIgniter\CodeIgniter->run()
CRITICAL - 2023-05-13 10:57:17 --> ini_set(): Session ini settings cannot be changed when a session is active
in SYSTEMPATH/Session/Handlers/FileHandler.php on line 72.
 1 [internal function]: CodeIgniter\Debug\Exceptions->errorHandler()
 2 SYSTEMPATH/Session/Handlers/FileHandler.php(72): ini_set()
 3 SYSTEMPATH/Config/Services.php(667): CodeIgniter\Session\Handlers\FileHandler->__construct()
 4 SYSTEMPATH/Config/BaseService.php(252): CodeIgniter\Config\Services::session()
 5 SYSTEMPATH/Config/BaseService.php(193): CodeIgniter\Config\BaseService::__callStatic()
 6 SYSTEMPATH/Config/Services.php(641): CodeIgniter\Config\BaseService::getSharedInstance()
 7 SYSTEMPATH/Config/BaseService.php(252): CodeIgniter\Config\Services::session()
 8 SYSTEMPATH/Common.php(988): CodeIgniter\Config\BaseService::__callStatic()
 9 APPPATH/Views/template/header.php(50): session()
10 SYSTEMPATH/View/View.php(213): include('APPPATH/Views/template/header.php')
11 SYSTEMPATH/View/View.php(216): CodeIgniter\View\View->CodeIgniter\View\{closure}()
12 SYSTEMPATH/Common.php(1184): CodeIgniter\View\View->render()
13 APPPATH/Models/User_model.php(87): view()
14 APPPATH/Controllers/Newuser.php(61): App\Models\User_model->signin()
15 SYSTEMPATH/CodeIgniter.php(934): App\Controllers\Newuser->signup()
16 SYSTEMPATH/CodeIgniter.php(499): CodeIgniter\CodeIgniter->runController()
17 SYSTEMPATH/CodeIgniter.php(368): CodeIgniter\CodeIgniter->handleRequest()
18 FCPATH/index.php(67): CodeIgniter\CodeIgniter->run()
CRITICAL - 2023-05-13 11:00:32 --> File not found: "/var/www/htdocs/demo/writable/users/645f6dd0524586.36916510."
in SYSTEMPATH/Files/File.php on line 47.
 1 SYSTEMPATH/Files/File.php(47): CodeIgniter\Files\Exceptions\FileNotFoundException::forFileNotFound()
 2 SYSTEMPATH/Images/Handlers/BaseHandler.php(148): CodeIgniter\Files\File->__construct()
 3 APPPATH/Controllers/Userinfo.php(69): CodeIgniter\Images\Handlers\BaseHandler->withFile()
 4 SYSTEMPATH/CodeIgniter.php(934): App\Controllers\Userinfo->saveChanges()
 5 SYSTEMPATH/CodeIgniter.php(499): CodeIgniter\CodeIgniter->runController()
 6 SYSTEMPATH/CodeIgniter.php(368): CodeIgniter\CodeIgniter->handleRequest()
 7 FCPATH/index.php(67): CodeIgniter\CodeIgniter->run()
CRITICAL - 2023-05-13 11:03:03 --> File not found: "/var/www/htdocs/demo/writable/users/645f6e67bf9fc2.56606523."
in SYSTEMPATH/Files/File.php on line 47.
 1 SYSTEMPATH/Files/File.php(47): CodeIgniter\Files\Exceptions\FileNotFoundException::forFileNotFound()
 2 SYSTEMPATH/Images/Handlers/BaseHandler.php(148): CodeIgniter\Files\File->__construct()
 3 APPPATH/Controllers/Userinfo.php(70): CodeIgniter\Images\Handlers\BaseHandler->withFile()
 4 SYSTEMPATH/CodeIgniter.php(934): App\Controllers\Userinfo->saveChanges()
 5 SYSTEMPATH/CodeIgniter.php(499): CodeIgniter\CodeIgniter->runController()
 6 SYSTEMPATH/CodeIgniter.php(368): CodeIgniter\CodeIgniter->handleRequest()
 7 FCPATH/index.php(67): CodeIgniter\CodeIgniter->run()
CRITICAL - 2023-05-13 11:03:16 --> File not found: "/var/www/htdocs/demo/writable/users/645f6e741d37a4.68348543."
in SYSTEMPATH/Files/File.php on line 47.
 1 SYSTEMPATH/Files/File.php(47): CodeIgniter\Files\Exceptions\FileNotFoundException::forFileNotFound()
 2 SYSTEMPATH/Images/Handlers/BaseHandler.php(148): CodeIgniter\Files\File->__construct()
 3 APPPATH/Controllers/Userinfo.php(70): CodeIgniter\Images\Handlers\BaseHandler->withFile()
 4 SYSTEMPATH/CodeIgniter.php(934): App\Controllers\Userinfo->saveChanges()
 5 SYSTEMPATH/CodeIgniter.php(499): CodeIgniter\CodeIgniter->runController()
 6 SYSTEMPATH/CodeIgniter.php(368): CodeIgniter\CodeIgniter->handleRequest()
 7 FCPATH/index.php(67): CodeIgniter\CodeIgniter->run()
CRITICAL - 2023-05-13 11:04:09 --> File not found: "/var/www/htdocs/demo/writable/users/645f6ea942fa20.55274464."
in SYSTEMPATH/Files/File.php on line 47.
 1 SYSTEMPATH/Files/File.php(47): CodeIgniter\Files\Exceptions\FileNotFoundException::forFileNotFound()
 2 SYSTEMPATH/Images/Handlers/BaseHandler.php(148): CodeIgniter\Files\File->__construct()
 3 APPPATH/Controllers/Userinfo.php(70): CodeIgniter\Images\Handlers\BaseHandler->withFile()
 4 SYSTEMPATH/CodeIgniter.php(934): App\Controllers\Userinfo->saveChanges()
 5 SYSTEMPATH/CodeIgniter.php(499): CodeIgniter\CodeIgniter->runController()
 6 SYSTEMPATH/CodeIgniter.php(368): CodeIgniter\CodeIgniter->handleRequest()
 7 FCPATH/index.php(67): CodeIgniter\CodeIgniter->run()
CRITICAL - 2023-05-13 11:06:32 --> File not found: "/var/www/htdocs/demo/writable/users/645f6f383d7663.14560916."
in SYSTEMPATH/Files/File.php on line 47.
 1 SYSTEMPATH/Files/File.php(47): CodeIgniter\Files\Exceptions\FileNotFoundException::forFileNotFound()
 2 SYSTEMPATH/Images/Handlers/BaseHandler.php(148): CodeIgniter\Files\File->__construct()
 3 APPPATH/Controllers/Userinfo.php(70): CodeIgniter\Images\Handlers\BaseHandler->withFile()
 4 SYSTEMPATH/CodeIgniter.php(934): App\Controllers\Userinfo->saveChanges()
 5 SYSTEMPATH/CodeIgniter.php(499): CodeIgniter\CodeIgniter->runController()
 6 SYSTEMPATH/CodeIgniter.php(368): CodeIgniter\CodeIgniter->handleRequest()
 7 FCPATH/index.php(67): CodeIgniter\CodeIgniter->run()
