CRITICAL - 2023-05-05 12:29:34 --> CodeIgniter\Database\BaseBuilder::get(): Argument #1 ($limit) must be of type ?int, string given, called in /var/www/htdocs/demo/app/Models/User_model.php on line 22
in SYSTEMPATH/Database/BaseBuilder.php on line 1608.
 1 APPPATH/Models/User_model.php(22): CodeIgniter\Database\BaseBuilder->get()
 2 APPPATH/Controllers/Login.php(34): App\Models\User_model->login()
 3 SYSTEMPATH/CodeIgniter.php(934): App\Controllers\Login->check_login()
 4 SYSTEMPATH/CodeIgniter.php(499): CodeIgniter\CodeIgniter->runController()
 5 SYSTEMPATH/CodeIgniter.php(368): CodeIgniter\CodeIgniter->handleRequest()
 6 FCPATH/index.php(67): CodeIgniter\CodeIgniter->run()
CRITICAL - 2023-05-05 12:32:04 --> password_verify(): Argument #1 ($password) must be of type string, array given
in APPPATH/Models/User_model.php on line 23.
 1 APPPATH/Models/User_model.php(23): password_verify()
 2 APPPATH/Controllers/Login.php(34): App\Models\User_model->login()
 3 SYSTEMPATH/CodeIgniter.php(934): App\Controllers\Login->check_login()
 4 SYSTEMPATH/CodeIgniter.php(499): CodeIgniter\CodeIgniter->runController()
 5 SYSTEMPATH/CodeIgniter.php(368): CodeIgniter\CodeIgniter->handleRequest()
 6 FCPATH/index.php(67): CodeIgniter\CodeIgniter->run()
CRITICAL - 2023-05-05 12:33:05 --> Undefined array key "password"
in APPPATH/Models/User_model.php on line 23.
 1 APPPATH/Models/User_model.php(23): CodeIgniter\Debug\Exceptions->errorHandler()
 2 APPPATH/Controllers/Login.php(34): App\Models\User_model->login()
 3 SYSTEMPATH/CodeIgniter.php(934): App\Controllers\Login->check_login()
 4 SYSTEMPATH/CodeIgniter.php(499): CodeIgniter\CodeIgniter->runController()
 5 SYSTEMPATH/CodeIgniter.php(368): CodeIgniter\CodeIgniter->handleRequest()
 6 FCPATH/index.php(67): CodeIgniter\CodeIgniter->run()
CRITICAL - 2023-05-05 12:33:24 --> Undefined array key "password"
in APPPATH/Models/User_model.php on line 23.
 1 APPPATH/Models/User_model.php(23): CodeIgniter\Debug\Exceptions->errorHandler()
 2 APPPATH/Controllers/Login.php(34): App\Models\User_model->login()
 3 SYSTEMPATH/CodeIgniter.php(934): App\Controllers\Login->check_login()
 4 SYSTEMPATH/CodeIgniter.php(499): CodeIgniter\CodeIgniter->runController()
 5 SYSTEMPATH/CodeIgniter.php(368): CodeIgniter\CodeIgniter->handleRequest()
 6 FCPATH/index.php(67): CodeIgniter\CodeIgniter->run()
CRITICAL - 2023-05-05 12:33:43 --> Undefined array key "password"
in APPPATH/Models/User_model.php on line 23.
 1 APPPATH/Models/User_model.php(23): CodeIgniter\Debug\Exceptions->errorHandler()
 2 APPPATH/Controllers/Login.php(34): App\Models\User_model->login()
 3 SYSTEMPATH/CodeIgniter.php(934): App\Controllers\Login->check_login()
 4 SYSTEMPATH/CodeIgniter.php(499): CodeIgniter\CodeIgniter->runController()
 5 SYSTEMPATH/CodeIgniter.php(368): CodeIgniter\CodeIgniter->handleRequest()
 6 FCPATH/index.php(67): CodeIgniter\CodeIgniter->run()
CRITICAL - 2023-05-05 12:35:03 --> Cannot use object of type CodeIgniter\Database\MySQLi\Result as array
in APPPATH/Models/User_model.php on line 22.
 1 APPPATH/Controllers/Login.php(34): App\Models\User_model->login()
 2 SYSTEMPATH/CodeIgniter.php(934): App\Controllers\Login->check_login()
 3 SYSTEMPATH/CodeIgniter.php(499): CodeIgniter\CodeIgniter->runController()
 4 SYSTEMPATH/CodeIgniter.php(368): CodeIgniter\CodeIgniter->handleRequest()
 5 FCPATH/index.php(67): CodeIgniter\CodeIgniter->run()
CRITICAL - 2023-05-05 12:35:25 --> Undefined property: CodeIgniter\Database\MySQLi\Result::$123
in APPPATH/Models/User_model.php on line 22.
 1 APPPATH/Models/User_model.php(22): CodeIgniter\Debug\Exceptions->errorHandler()
 2 APPPATH/Controllers/Login.php(34): App\Models\User_model->login()
 3 SYSTEMPATH/CodeIgniter.php(934): App\Controllers\Login->check_login()
 4 SYSTEMPATH/CodeIgniter.php(499): CodeIgniter\CodeIgniter->runController()
 5 SYSTEMPATH/CodeIgniter.php(368): CodeIgniter\CodeIgniter->handleRequest()
 6 FCPATH/index.php(67): CodeIgniter\CodeIgniter->run()
CRITICAL - 2023-05-05 12:36:03 --> Undefined property: CodeIgniter\Database\MySQLi\Result::$123
in APPPATH/Models/User_model.php on line 22.
 1 APPPATH/Models/User_model.php(22): CodeIgniter\Debug\Exceptions->errorHandler()
 2 APPPATH/Controllers/Login.php(34): App\Models\User_model->login()
 3 SYSTEMPATH/CodeIgniter.php(934): App\Controllers\Login->check_login()
 4 SYSTEMPATH/CodeIgniter.php(499): CodeIgniter\CodeIgniter->runController()
 5 SYSTEMPATH/CodeIgniter.php(368): CodeIgniter\CodeIgniter->handleRequest()
 6 FCPATH/index.php(67): CodeIgniter\CodeIgniter->run()
CRITICAL - 2023-05-05 12:37:35 --> Undefined property: CodeIgniter\Database\MySQLi\Result::$123
in APPPATH/Models/User_model.php on line 22.
 1 APPPATH/Models/User_model.php(22): CodeIgniter\Debug\Exceptions->errorHandler()
 2 APPPATH/Controllers/Login.php(34): App\Models\User_model->login()
 3 SYSTEMPATH/CodeIgniter.php(934): App\Controllers\Login->check_login()
 4 SYSTEMPATH/CodeIgniter.php(499): CodeIgniter\CodeIgniter->runController()
 5 SYSTEMPATH/CodeIgniter.php(368): CodeIgniter\CodeIgniter->handleRequest()
 6 FCPATH/index.php(67): CodeIgniter\CodeIgniter->run()
CRITICAL - 2023-05-05 14:07:04 --> Too few arguments to function App\Controllers\Post::showPostbycategory(), 0 passed in /var/www/htdocs/demo/system/CodeIgniter.php on line 934 and exactly 1 expected
in APPPATH/Controllers/Post.php on line 55.
 1 SYSTEMPATH/CodeIgniter.php(934): App\Controllers\Post->showPostbycategory()
 2 SYSTEMPATH/CodeIgniter.php(499): CodeIgniter\CodeIgniter->runController()
 3 SYSTEMPATH/CodeIgniter.php(368): CodeIgniter\CodeIgniter->handleRequest()
 4 FCPATH/index.php(67): CodeIgniter\CodeIgniter->run()
CRITICAL - 2023-05-05 14:08:09 --> Undefined variable $post
in APPPATH/Views/categoryPost.php on line 131.
 1 APPPATH/Views/categoryPost.php(131): CodeIgniter\Debug\Exceptions->errorHandler()
 2 SYSTEMPATH/View/View.php(213): include('APPPATH/Views/categoryPost.php')
 3 SYSTEMPATH/View/View.php(216): CodeIgniter\View\View->CodeIgniter\View\{closure}()
 4 SYSTEMPATH/Common.php(1184): CodeIgniter\View\View->render()
 5 APPPATH/Models/Post_model.php(49): view()
 6 APPPATH/Controllers/Post.php(57): App\Models\Post->getPostbycategory()
 7 SYSTEMPATH/CodeIgniter.php(934): App\Controllers\Post->showPostbycategory()
 8 SYSTEMPATH/CodeIgniter.php(499): CodeIgniter\CodeIgniter->runController()
 9 SYSTEMPATH/CodeIgniter.php(368): CodeIgniter\CodeIgniter->handleRequest()
10 FCPATH/index.php(67): CodeIgniter\CodeIgniter->run()
CRITICAL - 2023-05-05 14:08:45 --> Undefined variable $post
in APPPATH/Views/categoryPost.php on line 130.
 1 APPPATH/Views/categoryPost.php(130): CodeIgniter\Debug\Exceptions->errorHandler()
 2 SYSTEMPATH/View/View.php(213): include('APPPATH/Views/categoryPost.php')
 3 SYSTEMPATH/View/View.php(216): CodeIgniter\View\View->CodeIgniter\View\{closure}()
 4 SYSTEMPATH/Common.php(1184): CodeIgniter\View\View->render()
 5 APPPATH/Models/Post_model.php(49): view()
 6 APPPATH/Controllers/Post.php(57): App\Models\Post->getPostbycategory()
 7 SYSTEMPATH/CodeIgniter.php(934): App\Controllers\Post->showPostbycategory()
 8 SYSTEMPATH/CodeIgniter.php(499): CodeIgniter\CodeIgniter->runController()
 9 SYSTEMPATH/CodeIgniter.php(368): CodeIgniter\CodeIgniter->handleRequest()
10 FCPATH/index.php(67): CodeIgniter\CodeIgniter->run()
CRITICAL - 2023-05-05 14:09:05 --> Undefined variable $post
in APPPATH/Views/categoryPost.php on line 130.
 1 APPPATH/Views/categoryPost.php(130): CodeIgniter\Debug\Exceptions->errorHandler()
 2 SYSTEMPATH/View/View.php(213): include('APPPATH/Views/categoryPost.php')
 3 SYSTEMPATH/View/View.php(216): CodeIgniter\View\View->CodeIgniter\View\{closure}()
 4 SYSTEMPATH/Common.php(1184): CodeIgniter\View\View->render()
 5 APPPATH/Models/Post_model.php(49): view()
 6 APPPATH/Controllers/Post.php(57): App\Models\Post->getPostbycategory()
 7 SYSTEMPATH/CodeIgniter.php(934): App\Controllers\Post->showPostbycategory()
 8 SYSTEMPATH/CodeIgniter.php(499): CodeIgniter\CodeIgniter->runController()
 9 SYSTEMPATH/CodeIgniter.php(368): CodeIgniter\CodeIgniter->handleRequest()
10 FCPATH/index.php(67): CodeIgniter\CodeIgniter->run()
CRITICAL - 2023-05-05 14:11:57 --> Call to a member function get() on array
in APPPATH/Views/categoryPost.php on line 126.
 1 SYSTEMPATH/View/View.php(213): include()
 2 SYSTEMPATH/View/View.php(216): CodeIgniter\View\View->CodeIgniter\View\{closure}()
 3 SYSTEMPATH/Common.php(1184): CodeIgniter\View\View->render()
 4 APPPATH/Models/Post_model.php(49): view()
 5 APPPATH/Controllers/Post.php(57): App\Models\Post->getPostbycategory()
 6 SYSTEMPATH/CodeIgniter.php(934): App\Controllers\Post->showPostbycategory()
 7 SYSTEMPATH/CodeIgniter.php(499): CodeIgniter\CodeIgniter->runController()
 8 SYSTEMPATH/CodeIgniter.php(368): CodeIgniter\CodeIgniter->handleRequest()
 9 FCPATH/index.php(67): CodeIgniter\CodeIgniter->run()
CRITICAL - 2023-05-05 14:12:37 --> Undefined array key "category"
in APPPATH/Views/categoryPost.php on line 126.
 1 APPPATH/Views/categoryPost.php(126): CodeIgniter\Debug\Exceptions->errorHandler()
 2 SYSTEMPATH/View/View.php(213): include('APPPATH/Views/categoryPost.php')
 3 SYSTEMPATH/View/View.php(216): CodeIgniter\View\View->CodeIgniter\View\{closure}()
 4 SYSTEMPATH/Common.php(1184): CodeIgniter\View\View->render()
 5 APPPATH/Models/Post_model.php(49): view()
 6 APPPATH/Controllers/Post.php(57): App\Models\Post->getPostbycategory()
 7 SYSTEMPATH/CodeIgniter.php(934): App\Controllers\Post->showPostbycategory()
 8 SYSTEMPATH/CodeIgniter.php(499): CodeIgniter\CodeIgniter->runController()
 9 SYSTEMPATH/CodeIgniter.php(368): CodeIgniter\CodeIgniter->handleRequest()
10 FCPATH/index.php(67): CodeIgniter\CodeIgniter->run()
CRITICAL - 2023-05-05 14:12:46 --> Undefined array key 1
in APPPATH/Views/categoryPost.php on line 126.
 1 APPPATH/Views/categoryPost.php(126): CodeIgniter\Debug\Exceptions->errorHandler()
 2 SYSTEMPATH/View/View.php(213): include('APPPATH/Views/categoryPost.php')
 3 SYSTEMPATH/View/View.php(216): CodeIgniter\View\View->CodeIgniter\View\{closure}()
 4 SYSTEMPATH/Common.php(1184): CodeIgniter\View\View->render()
 5 APPPATH/Models/Post_model.php(49): view()
 6 APPPATH/Controllers/Post.php(57): App\Models\Post->getPostbycategory()
 7 SYSTEMPATH/CodeIgniter.php(934): App\Controllers\Post->showPostbycategory()
 8 SYSTEMPATH/CodeIgniter.php(499): CodeIgniter\CodeIgniter->runController()
 9 SYSTEMPATH/CodeIgniter.php(368): CodeIgniter\CodeIgniter->handleRequest()
10 FCPATH/index.php(67): CodeIgniter\CodeIgniter->run()
CRITICAL - 2023-05-05 14:13:40 --> Undefined array key 0
in APPPATH/Views/categoryPost.php on line 126.
 1 APPPATH/Views/categoryPost.php(126): CodeIgniter\Debug\Exceptions->errorHandler()
 2 SYSTEMPATH/View/View.php(213): include('APPPATH/Views/categoryPost.php')
 3 SYSTEMPATH/View/View.php(216): CodeIgniter\View\View->CodeIgniter\View\{closure}()
 4 SYSTEMPATH/Common.php(1184): CodeIgniter\View\View->render()
 5 APPPATH/Models/Post_model.php(49): view()
 6 APPPATH/Controllers/Post.php(57): App\Models\Post->getPostbycategory()
 7 SYSTEMPATH/CodeIgniter.php(934): App\Controllers\Post->showPostbycategory()
 8 SYSTEMPATH/CodeIgniter.php(499): CodeIgniter\CodeIgniter->runController()
 9 SYSTEMPATH/CodeIgniter.php(368): CodeIgniter\CodeIgniter->handleRequest()
10 FCPATH/index.php(67): CodeIgniter\CodeIgniter->run()
ERROR - 2023-05-05 14:31:12 --> mysqli_sql_exception: Unknown column 'id' in 'field list' in /var/www/htdocs/demo/system/Database/MySQLi/Connection.php:295
Stack trace:
#0 /var/www/htdocs/demo/system/Database/MySQLi/Connection.php(295): mysqli->query()
#1 /var/www/htdocs/demo/system/Database/BaseConnection.php(691): CodeIgniter\Database\MySQLi\Connection->execute()
#2 /var/www/htdocs/demo/system/Database/BaseConnection.php(605): CodeIgniter\Database\BaseConnection->simpleQuery()
#3 /var/www/htdocs/demo/system/Database/BaseBuilder.php(1616): CodeIgniter\Database\BaseConnection->query()
#4 /var/www/htdocs/demo/app/Models/Post_model.php(62): CodeIgniter\Database\BaseBuilder->get()
#5 /var/www/htdocs/demo/app/Controllers/Post.php(62): App\Models\Post->getHotTopicPost()
#6 /var/www/htdocs/demo/system/CodeIgniter.php(934): App\Controllers\Post->showHotPost()
#7 /var/www/htdocs/demo/system/CodeIgniter.php(499): CodeIgniter\CodeIgniter->runController()
#8 /var/www/htdocs/demo/system/CodeIgniter.php(368): CodeIgniter\CodeIgniter->handleRequest()
#9 /var/www/htdocs/demo/public/index.php(67): CodeIgniter\CodeIgniter->run()
#10 {main}
CRITICAL - 2023-05-05 14:31:12 --> Unknown column 'id' in 'field list'
in SYSTEMPATH/Database/BaseConnection.php on line 645.
 1 SYSTEMPATH/Database/BaseBuilder.php(1616): CodeIgniter\Database\BaseConnection->query()
 2 APPPATH/Models/Post_model.php(62): CodeIgniter\Database\BaseBuilder->get()
 3 APPPATH/Controllers/Post.php(62): App\Models\Post->getHotTopicPost()
 4 SYSTEMPATH/CodeIgniter.php(934): App\Controllers\Post->showHotPost()
 5 SYSTEMPATH/CodeIgniter.php(499): CodeIgniter\CodeIgniter->runController()
 6 SYSTEMPATH/CodeIgniter.php(368): CodeIgniter\CodeIgniter->handleRequest()
 7 FCPATH/index.php(67): CodeIgniter\CodeIgniter->run()
ERROR - 2023-05-05 14:31:59 --> mysqli_sql_exception: Unknown column 'id' in 'field list' in /var/www/htdocs/demo/system/Database/MySQLi/Connection.php:295
Stack trace:
#0 /var/www/htdocs/demo/system/Database/MySQLi/Connection.php(295): mysqli->query()
#1 /var/www/htdocs/demo/system/Database/BaseConnection.php(691): CodeIgniter\Database\MySQLi\Connection->execute()
#2 /var/www/htdocs/demo/system/Database/BaseConnection.php(605): CodeIgniter\Database\BaseConnection->simpleQuery()
#3 /var/www/htdocs/demo/system/Database/BaseBuilder.php(1616): CodeIgniter\Database\BaseConnection->query()
#4 /var/www/htdocs/demo/app/Models/Post_model.php(62): CodeIgniter\Database\BaseBuilder->get()
#5 /var/www/htdocs/demo/app/Controllers/Post.php(62): App\Models\Post->getHotTopicPost()
#6 /var/www/htdocs/demo/system/CodeIgniter.php(934): App\Controllers\Post->showHotPost()
#7 /var/www/htdocs/demo/system/CodeIgniter.php(499): CodeIgniter\CodeIgniter->runController()
#8 /var/www/htdocs/demo/system/CodeIgniter.php(368): CodeIgniter\CodeIgniter->handleRequest()
#9 /var/www/htdocs/demo/public/index.php(67): CodeIgniter\CodeIgniter->run()
#10 {main}
CRITICAL - 2023-05-05 14:31:59 --> Unknown column 'id' in 'field list'
in SYSTEMPATH/Database/BaseConnection.php on line 645.
 1 SYSTEMPATH/Database/BaseBuilder.php(1616): CodeIgniter\Database\BaseConnection->query()
 2 APPPATH/Models/Post_model.php(62): CodeIgniter\Database\BaseBuilder->get()
 3 APPPATH/Controllers/Post.php(62): App\Models\Post->getHotTopicPost()
 4 SYSTEMPATH/CodeIgniter.php(934): App\Controllers\Post->showHotPost()
 5 SYSTEMPATH/CodeIgniter.php(499): CodeIgniter\CodeIgniter->runController()
 6 SYSTEMPATH/CodeIgniter.php(368): CodeIgniter\CodeIgniter->handleRequest()
 7 FCPATH/index.php(67): CodeIgniter\CodeIgniter->run()
ERROR - 2023-05-05 14:31:59 --> mysqli_sql_exception: Unknown column 'id' in 'field list' in /var/www/htdocs/demo/system/Database/MySQLi/Connection.php:295
Stack trace:
#0 /var/www/htdocs/demo/system/Database/MySQLi/Connection.php(295): mysqli->query()
#1 /var/www/htdocs/demo/system/Database/BaseConnection.php(691): CodeIgniter\Database\MySQLi\Connection->execute()
#2 /var/www/htdocs/demo/system/Database/BaseConnection.php(605): CodeIgniter\Database\BaseConnection->simpleQuery()
#3 /var/www/htdocs/demo/system/Database/BaseBuilder.php(1616): CodeIgniter\Database\BaseConnection->query()
#4 /var/www/htdocs/demo/app/Models/Post_model.php(62): CodeIgniter\Database\BaseBuilder->get()
#5 /var/www/htdocs/demo/app/Controllers/Post.php(62): App\Models\Post->getHotTopicPost()
#6 /var/www/htdocs/demo/system/CodeIgniter.php(934): App\Controllers\Post->showHotPost()
#7 /var/www/htdocs/demo/system/CodeIgniter.php(499): CodeIgniter\CodeIgniter->runController()
#8 /var/www/htdocs/demo/system/CodeIgniter.php(368): CodeIgniter\CodeIgniter->handleRequest()
#9 /var/www/htdocs/demo/public/index.php(67): CodeIgniter\CodeIgniter->run()
#10 {main}
CRITICAL - 2023-05-05 14:31:59 --> Unknown column 'id' in 'field list'
in SYSTEMPATH/Database/BaseConnection.php on line 645.
 1 SYSTEMPATH/Database/BaseBuilder.php(1616): CodeIgniter\Database\BaseConnection->query()
 2 APPPATH/Models/Post_model.php(62): CodeIgniter\Database\BaseBuilder->get()
 3 APPPATH/Controllers/Post.php(62): App\Models\Post->getHotTopicPost()
 4 SYSTEMPATH/CodeIgniter.php(934): App\Controllers\Post->showHotPost()
 5 SYSTEMPATH/CodeIgniter.php(499): CodeIgniter\CodeIgniter->runController()
 6 SYSTEMPATH/CodeIgniter.php(368): CodeIgniter\CodeIgniter->handleRequest()
 7 FCPATH/index.php(67): CodeIgniter\CodeIgniter->run()
CRITICAL - 2023-05-05 14:32:24 --> Undefined variable $post
in APPPATH/Views/home.php on line 133.
 1 APPPATH/Views/home.php(133): CodeIgniter\Debug\Exceptions->errorHandler()
 2 SYSTEMPATH/View/View.php(213): include('APPPATH/Views/home.php')
 3 SYSTEMPATH/View/View.php(216): CodeIgniter\View\View->CodeIgniter\View\{closure}()
 4 SYSTEMPATH/Common.php(1184): CodeIgniter\View\View->render()
 5 APPPATH/Models/Post_model.php(63): view()
 6 APPPATH/Controllers/Post.php(62): App\Models\Post->getHotTopicPost()
 7 SYSTEMPATH/CodeIgniter.php(934): App\Controllers\Post->showHotPost()
 8 SYSTEMPATH/CodeIgniter.php(499): CodeIgniter\CodeIgniter->runController()
 9 SYSTEMPATH/CodeIgniter.php(368): CodeIgniter\CodeIgniter->handleRequest()
10 FCPATH/index.php(67): CodeIgniter\CodeIgniter->run()
CRITICAL - 2023-05-05 14:32:25 --> Undefined variable $post
in APPPATH/Views/home.php on line 133.
 1 APPPATH/Views/home.php(133): CodeIgniter\Debug\Exceptions->errorHandler()
 2 SYSTEMPATH/View/View.php(213): include('APPPATH/Views/home.php')
 3 SYSTEMPATH/View/View.php(216): CodeIgniter\View\View->CodeIgniter\View\{closure}()
 4 SYSTEMPATH/Common.php(1184): CodeIgniter\View\View->render()
 5 APPPATH/Models/Post_model.php(63): view()
 6 APPPATH/Controllers/Post.php(62): App\Models\Post->getHotTopicPost()
 7 SYSTEMPATH/CodeIgniter.php(934): App\Controllers\Post->showHotPost()
 8 SYSTEMPATH/CodeIgniter.php(499): CodeIgniter\CodeIgniter->runController()
 9 SYSTEMPATH/CodeIgniter.php(368): CodeIgniter\CodeIgniter->handleRequest()
10 FCPATH/index.php(67): CodeIgniter\CodeIgniter->run()
CRITICAL - 2023-05-05 14:32:58 --> Cannot use object of type stdClass as array
in APPPATH/Views/home.php on line 136.
 1 SYSTEMPATH/View/View.php(213): include()
 2 SYSTEMPATH/View/View.php(216): CodeIgniter\View\View->CodeIgniter\View\{closure}()
 3 SYSTEMPATH/Common.php(1184): CodeIgniter\View\View->render()
 4 APPPATH/Models/Post_model.php(63): view()
 5 APPPATH/Controllers/Post.php(62): App\Models\Post->getHotTopicPost()
 6 SYSTEMPATH/CodeIgniter.php(934): App\Controllers\Post->showHotPost()
 7 SYSTEMPATH/CodeIgniter.php(499): CodeIgniter\CodeIgniter->runController()
 8 SYSTEMPATH/CodeIgniter.php(368): CodeIgniter\CodeIgniter->handleRequest()
 9 FCPATH/index.php(67): CodeIgniter\CodeIgniter->run()
CRITICAL - 2023-05-05 14:34:57 --> Undefined variable $post
in APPPATH/Views/home.php on line 133.
 1 APPPATH/Views/home.php(133): CodeIgniter\Debug\Exceptions->errorHandler()
 2 SYSTEMPATH/View/View.php(213): include('APPPATH/Views/home.php')
 3 SYSTEMPATH/View/View.php(216): CodeIgniter\View\View->CodeIgniter\View\{closure}()
 4 SYSTEMPATH/Common.php(1184): CodeIgniter\View\View->render()
 5 APPPATH/Controllers/Login.php(19): view()
 6 SYSTEMPATH/CodeIgniter.php(934): App\Controllers\Login->index()
 7 SYSTEMPATH/CodeIgniter.php(499): CodeIgniter\CodeIgniter->runController()
 8 SYSTEMPATH/CodeIgniter.php(368): CodeIgniter\CodeIgniter->handleRequest()
 9 FCPATH/index.php(67): CodeIgniter\CodeIgniter->run()
CRITICAL - 2023-05-05 15:25:16 --> You must specify a source image in your preferences.
in SYSTEMPATH/Images/Handlers/BaseHandler.php on line 187.
 1 SYSTEMPATH/Images/Handlers/BaseHandler.php(187): CodeIgniter\Images\Exceptions\ImageException::forMissingImage()
 2 SYSTEMPATH/Images/Handlers/BaseHandler.php(711): CodeIgniter\Images\Handlers\BaseHandler->image()
 3 APPPATH/Controllers/Userinfo.php(59): CodeIgniter\Images\Handlers\BaseHandler->__call()
 4 SYSTEMPATH/CodeIgniter.php(934): App\Controllers\Userinfo->saveChanges()
 5 SYSTEMPATH/CodeIgniter.php(499): CodeIgniter\CodeIgniter->runController()
 6 SYSTEMPATH/CodeIgniter.php(368): CodeIgniter\CodeIgniter->handleRequest()
 7 FCPATH/index.php(67): CodeIgniter\CodeIgniter->run()
CRITICAL - 2023-05-05 15:25:47 --> You must specify a source image in your preferences.
in SYSTEMPATH/Images/Handlers/BaseHandler.php on line 187.
 1 SYSTEMPATH/Images/Handlers/BaseHandler.php(187): CodeIgniter\Images\Exceptions\ImageException::forMissingImage()
 2 SYSTEMPATH/Images/Handlers/BaseHandler.php(711): CodeIgniter\Images\Handlers\BaseHandler->image()
 3 APPPATH/Controllers/Userinfo.php(59): CodeIgniter\Images\Handlers\BaseHandler->__call()
 4 SYSTEMPATH/CodeIgniter.php(934): App\Controllers\Userinfo->saveChanges()
 5 SYSTEMPATH/CodeIgniter.php(499): CodeIgniter\CodeIgniter->runController()
 6 SYSTEMPATH/CodeIgniter.php(368): CodeIgniter\CodeIgniter->handleRequest()
 7 FCPATH/index.php(67): CodeIgniter\CodeIgniter->run()
CRITICAL - 2023-05-05 15:26:56 --> You must specify a source image in your preferences.
in SYSTEMPATH/Images/Handlers/BaseHandler.php on line 187.
 1 SYSTEMPATH/Images/Handlers/BaseHandler.php(187): CodeIgniter\Images\Exceptions\ImageException::forMissingImage()
 2 SYSTEMPATH/Images/Handlers/BaseHandler.php(711): CodeIgniter\Images\Handlers\BaseHandler->image()
 3 APPPATH/Controllers/Userinfo.php(59): CodeIgniter\Images\Handlers\BaseHandler->__call()
 4 SYSTEMPATH/CodeIgniter.php(934): App\Controllers\Userinfo->saveChanges()
 5 SYSTEMPATH/CodeIgniter.php(499): CodeIgniter\CodeIgniter->runController()
 6 SYSTEMPATH/CodeIgniter.php(368): CodeIgniter\CodeIgniter->handleRequest()
 7 FCPATH/index.php(67): CodeIgniter\CodeIgniter->run()
CRITICAL - 2023-05-05 15:30:15 --> You must specify a source image in your preferences.
in SYSTEMPATH/Images/Handlers/BaseHandler.php on line 187.
 1 SYSTEMPATH/Images/Handlers/BaseHandler.php(187): CodeIgniter\Images\Exceptions\ImageException::forMissingImage()
 2 SYSTEMPATH/Images/Handlers/BaseHandler.php(711): CodeIgniter\Images\Handlers\BaseHandler->image()
 3 APPPATH/Controllers/Userinfo.php(57): CodeIgniter\Images\Handlers\BaseHandler->__call()
 4 SYSTEMPATH/CodeIgniter.php(934): App\Controllers\Userinfo->saveChanges()
 5 SYSTEMPATH/CodeIgniter.php(499): CodeIgniter\CodeIgniter->runController()
 6 SYSTEMPATH/CodeIgniter.php(368): CodeIgniter\CodeIgniter->handleRequest()
 7 FCPATH/index.php(67): CodeIgniter\CodeIgniter->run()
CRITICAL - 2023-05-05 15:31:47 --> Image processing failed. Please verify that your server supports the chosen protocol and that the path to your image library is correct.
in SYSTEMPATH/Images/Handlers/ImageMagickHandler.php on line 212.
 1 SYSTEMPATH/Images/Handlers/ImageMagickHandler.php(212): CodeIgniter\Images\Exceptions\ImageException::forImageProcessFailed()
 2 SYSTEMPATH/Images/Handlers/ImageMagickHandler.php(72): CodeIgniter\Images\Handlers\ImageMagickHandler->process()
 3 SYSTEMPATH/Images/Handlers/BaseHandler.php(256): CodeIgniter\Images\Handlers\ImageMagickHandler->_resize()
 4 APPPATH/Controllers/Userinfo.php(56): CodeIgniter\Images\Handlers\BaseHandler->resize()
 5 SYSTEMPATH/CodeIgniter.php(934): App\Controllers\Userinfo->saveChanges()
 6 SYSTEMPATH/CodeIgniter.php(499): CodeIgniter\CodeIgniter->runController()
 7 SYSTEMPATH/CodeIgniter.php(368): CodeIgniter\CodeIgniter->handleRequest()
 8 FCPATH/index.php(67): CodeIgniter\CodeIgniter->run()
CRITICAL - 2023-05-05 15:31:54 --> Image processing failed. Please verify that your server supports the chosen protocol and that the path to your image library is correct.
in SYSTEMPATH/Images/Handlers/ImageMagickHandler.php on line 212.
 1 SYSTEMPATH/Images/Handlers/ImageMagickHandler.php(212): CodeIgniter\Images\Exceptions\ImageException::forImageProcessFailed()
 2 SYSTEMPATH/Images/Handlers/ImageMagickHandler.php(72): CodeIgniter\Images\Handlers\ImageMagickHandler->process()
 3 SYSTEMPATH/Images/Handlers/BaseHandler.php(256): CodeIgniter\Images\Handlers\ImageMagickHandler->_resize()
 4 APPPATH/Controllers/Userinfo.php(56): CodeIgniter\Images\Handlers\BaseHandler->resize()
 5 SYSTEMPATH/CodeIgniter.php(934): App\Controllers\Userinfo->saveChanges()
 6 SYSTEMPATH/CodeIgniter.php(499): CodeIgniter\CodeIgniter->runController()
 7 SYSTEMPATH/CodeIgniter.php(368): CodeIgniter\CodeIgniter->handleRequest()
 8 FCPATH/index.php(67): CodeIgniter\CodeIgniter->run()
CRITICAL - 2023-05-05 15:33:42 --> Image processing failed. Please verify that your server supports the chosen protocol and that the path to your image library is correct.
in SYSTEMPATH/Images/Handlers/ImageMagickHandler.php on line 212.
 1 SYSTEMPATH/Images/Handlers/ImageMagickHandler.php(212): CodeIgniter\Images\Exceptions\ImageException::forImageProcessFailed()
 2 SYSTEMPATH/Images/Handlers/ImageMagickHandler.php(72): CodeIgniter\Images\Handlers\ImageMagickHandler->process()
 3 SYSTEMPATH/Images/Handlers/BaseHandler.php(256): CodeIgniter\Images\Handlers\ImageMagickHandler->_resize()
 4 APPPATH/Controllers/Userinfo.php(56): CodeIgniter\Images\Handlers\BaseHandler->resize()
 5 SYSTEMPATH/CodeIgniter.php(934): App\Controllers\Userinfo->saveChanges()
 6 SYSTEMPATH/CodeIgniter.php(499): CodeIgniter\CodeIgniter->runController()
 7 SYSTEMPATH/CodeIgniter.php(368): CodeIgniter\CodeIgniter->handleRequest()
 8 FCPATH/index.php(67): CodeIgniter\CodeIgniter->run()
CRITICAL - 2023-05-05 15:36:27 --> File not found: "/var/www/htdocs/demo/writable/users/6455227b2f0642.21898286.jpg"
in SYSTEMPATH/Files/File.php on line 47.
 1 SYSTEMPATH/Files/File.php(47): CodeIgniter\Files\Exceptions\FileNotFoundException::forFileNotFound()
 2 SYSTEMPATH/Images/Handlers/BaseHandler.php(148): CodeIgniter\Files\File->__construct()
 3 APPPATH/Controllers/Userinfo.php(53): CodeIgniter\Images\Handlers\BaseHandler->withFile()
 4 SYSTEMPATH/CodeIgniter.php(934): App\Controllers\Userinfo->saveChanges()
 5 SYSTEMPATH/CodeIgniter.php(499): CodeIgniter\CodeIgniter->runController()
 6 SYSTEMPATH/CodeIgniter.php(368): CodeIgniter\CodeIgniter->handleRequest()
 7 FCPATH/index.php(67): CodeIgniter\CodeIgniter->run()
CRITICAL - 2023-05-05 15:38:18 --> File not found: "/var/www/htdocs/demo/writable/users/645522ea3410c8.07573342.jpg"
in SYSTEMPATH/Files/File.php on line 47.
 1 SYSTEMPATH/Files/File.php(47): CodeIgniter\Files\Exceptions\FileNotFoundException::forFileNotFound()
 2 SYSTEMPATH/Images/Handlers/BaseHandler.php(148): CodeIgniter\Files\File->__construct()
 3 APPPATH/Controllers/Userinfo.php(53): CodeIgniter\Images\Handlers\BaseHandler->withFile()
 4 SYSTEMPATH/CodeIgniter.php(934): App\Controllers\Userinfo->saveChanges()
 5 SYSTEMPATH/CodeIgniter.php(499): CodeIgniter\CodeIgniter->runController()
 6 SYSTEMPATH/CodeIgniter.php(368): CodeIgniter\CodeIgniter->handleRequest()
 7 FCPATH/index.php(67): CodeIgniter\CodeIgniter->run()
CRITICAL - 2023-05-05 15:39:17 --> Image processing failed. Please verify that your server supports the chosen protocol and that the path to your image library is correct.
in SYSTEMPATH/Images/Handlers/ImageMagickHandler.php on line 212.
 1 SYSTEMPATH/Images/Handlers/ImageMagickHandler.php(212): CodeIgniter\Images\Exceptions\ImageException::forImageProcessFailed()
 2 SYSTEMPATH/Images/Handlers/ImageMagickHandler.php(72): CodeIgniter\Images\Handlers\ImageMagickHandler->process()
 3 SYSTEMPATH/Images/Handlers/BaseHandler.php(256): CodeIgniter\Images\Handlers\ImageMagickHandler->_resize()
 4 APPPATH/Controllers/Userinfo.php(54): CodeIgniter\Images\Handlers\BaseHandler->resize()
 5 SYSTEMPATH/CodeIgniter.php(934): App\Controllers\Userinfo->saveChanges()
 6 SYSTEMPATH/CodeIgniter.php(499): CodeIgniter\CodeIgniter->runController()
 7 SYSTEMPATH/CodeIgniter.php(368): CodeIgniter\CodeIgniter->handleRequest()
 8 FCPATH/index.php(67): CodeIgniter\CodeIgniter->run()
CRITICAL - 2023-05-05 15:41:01 --> Image processing failed. Please verify that your server supports the chosen protocol and that the path to your image library is correct.
in SYSTEMPATH/Images/Handlers/ImageMagickHandler.php on line 212.
 1 SYSTEMPATH/Images/Handlers/ImageMagickHandler.php(212): CodeIgniter\Images\Exceptions\ImageException::forImageProcessFailed()
 2 SYSTEMPATH/Images/Handlers/ImageMagickHandler.php(72): CodeIgniter\Images\Handlers\ImageMagickHandler->process()
 3 SYSTEMPATH/Images/Handlers/BaseHandler.php(256): CodeIgniter\Images\Handlers\ImageMagickHandler->_resize()
 4 APPPATH/Controllers/Userinfo.php(54): CodeIgniter\Images\Handlers\BaseHandler->resize()
 5 SYSTEMPATH/CodeIgniter.php(934): App\Controllers\Userinfo->saveChanges()
 6 SYSTEMPATH/CodeIgniter.php(499): CodeIgniter\CodeIgniter->runController()
 7 SYSTEMPATH/CodeIgniter.php(368): CodeIgniter\CodeIgniter->handleRequest()
 8 FCPATH/index.php(67): CodeIgniter\CodeIgniter->run()
