CRITICAL - 2023-04-15 09:00:18 --> require_once(../dbconfig.php): Failed to open stream: No such file or directory
in APPPATH/Views/newThread.php on line 3.
 1 APPPATH/Views/newThread.php(3): CodeIgniter\Debug\Exceptions->errorHandler()
 2 APPPATH/Views/newThread.php(3): require_once()
 3 SYSTEMPATH/View/View.php(213): include('APPPATH/Views/newThread.php')
 4 SYSTEMPATH/View/View.php(216): CodeIgniter\View\View->CodeIgniter\View\{closure}()
 5 SYSTEMPATH/Common.php(1184): CodeIgniter\View\View->render()
 6 APPPATH/Controllers/Home.php(12): view()
 7 SYSTEMPATH/CodeIgniter.php(934): App\Controllers\Home->newThread()
 8 SYSTEMPATH/CodeIgniter.php(499): CodeIgniter\CodeIgniter->runController()
 9 SYSTEMPATH/CodeIgniter.php(368): CodeIgniter\CodeIgniter->handleRequest()
10 FCPATH/index.php(67): CodeIgniter\CodeIgniter->run()
CRITICAL - 2023-04-15 09:02:06 --> require_once(../dbconfig.php): Failed to open stream: No such file or directory
in APPPATH/Views/newThread.php on line 3.
 1 APPPATH/Views/newThread.php(3): CodeIgniter\Debug\Exceptions->errorHandler()
 2 APPPATH/Views/newThread.php(3): require_once()
 3 SYSTEMPATH/View/View.php(213): include('APPPATH/Views/newThread.php')
 4 SYSTEMPATH/View/View.php(216): CodeIgniter\View\View->CodeIgniter\View\{closure}()
 5 SYSTEMPATH/Common.php(1184): CodeIgniter\View\View->render()
 6 APPPATH/Controllers/Home.php(12): view()
 7 SYSTEMPATH/CodeIgniter.php(934): App\Controllers\Home->newThread()
 8 SYSTEMPATH/CodeIgniter.php(499): CodeIgniter\CodeIgniter->runController()
 9 SYSTEMPATH/CodeIgniter.php(368): CodeIgniter\CodeIgniter->handleRequest()
10 FCPATH/index.php(67): CodeIgniter\CodeIgniter->run()
